[dotenv] Set [36mDATABASE_PASSWORD[0m, [36mDATABASE_PORT[0m, and [36mDATABASE_USERNAME[0m
[dotenv] Loaded [33m.env[0m
[dotenv] Set [36mDATABASE_PASSWORD[0m, [36mDATABASE_PORT[0m, and [36mDATABASE_USERNAME[0m
[dotenv] Loaded [33m.env[0m
[dotenv] Set [36mDATABASE_PASSWORD[0m, [36mDATABASE_PORT[0m, and [36mDATABASE_USERNAME[0m
[dotenv] Loaded [33m.env[0m
  [1m[35m (0.2ms)[0m  [1m[34mSELECT pg_try_advisory_lock(6037356068423077650) /*application='EcoexploreApi'*/[0m
  [1m[36mActiveRecord::SchemaMigration Load (1.5ms)[0m  [1m[34mSELECT "schema_migrations"."version" FROM "schema_migrations" ORDER BY "schema_migrations"."version" ASC /*application='EcoexploreApi'*/[0m
  [1m[36mActiveRecord::InternalMetadata Load (1.3ms)[0m  [1m[34mSELECT * FROM "ar_internal_metadata" WHERE "ar_internal_metadata"."key" = 'environment' ORDER BY "ar_internal_metadata"."key" ASC LIMIT 1 /*application='EcoexploreApi'*/[0m
Migrating to EnableUuidExtension (20250811174120)
  [1m[36mTRANSACTION (0.2ms)[0m  [1m[35mBEGIN /*application='EcoexploreApi'*/[0m
  [1m[36mActiveRecord::SchemaMigration Create (4.9ms)[0m  [1m[32mINSERT INTO "schema_migrations" ("version") VALUES ('20250811174120') RETURNING "version" /*application='EcoexploreApi'*/[0m
  [1m[36mTRANSACTION (1.6ms)[0m  [1m[35mCOMMIT /*application='EcoexploreApi'*/[0m
  [1m[35m (0.2ms)[0m  [1m[34mSELECT pg_advisory_unlock(6037356068423077650) /*application='EcoexploreApi'*/[0m
  [1m[36mActiveRecord::SchemaMigration Load (0.2ms)[0m  [1m[34mSELECT "schema_migrations"."version" FROM "schema_migrations" ORDER BY "schema_migrations"."version" ASC /*application='EcoexploreApi'*/[0m
[dotenv] Set [36mDATABASE_PASSWORD[0m, [36mDATABASE_PORT[0m, and [36mDATABASE_USERNAME[0m
[dotenv] Loaded [33m.env[0m
[dotenv] Set [36mDATABASE_PASSWORD[0m, [36mDATABASE_PORT[0m, and [36mDATABASE_USERNAME[0m
[dotenv] Loaded [33m.env[0m
[dotenv] Set [36mDATABASE_PASSWORD[0m, [36mDATABASE_PORT[0m, and [36mDATABASE_USERNAME[0m
[dotenv] Loaded [33m.env[0m
  [1m[35m (0.2ms)[0m  [1m[34mSELECT pg_try_advisory_lock(6037356068423077650) /*application='EcoexploreApi'*/[0m
  [1m[36mActiveRecord::SchemaMigration Load (1.1ms)[0m  [1m[34mSELECT "schema_migrations"."version" FROM "schema_migrations" ORDER BY "schema_migrations"."version" ASC /*application='EcoexploreApi'*/[0m
  [1m[36mActiveRecord::InternalMetadata Load (1.0ms)[0m  [1m[34mSELECT * FROM "ar_internal_metadata" WHERE "ar_internal_metadata"."key" = 'environment' ORDER BY "ar_internal_metadata"."key" ASC LIMIT 1 /*application='EcoexploreApi'*/[0m
Migrating to CreateUsers (20250811174329)
  [1m[36mTRANSACTION (0.1ms)[0m  [1m[35mBEGIN /*application='EcoexploreApi'*/[0m
  [1m[35m (8.0ms)[0m  [1m[35mCREATE TABLE "users" ("id" uuid DEFAULT gen_random_uuid() NOT NULL PRIMARY KEY, "first_name" character varying, "email" character varying, "last_name" character varying, "password" character varying, "created_at" timestamp(6) NOT NULL, "updated_at" timestamp(6) NOT NULL) /*application='EcoexploreApi'*/[0m
  [1m[36mActiveRecord::SchemaMigration Create (0.3ms)[0m  [1m[32mINSERT INTO "schema_migrations" ("version") VALUES ('20250811174329') RETURNING "version" /*application='EcoexploreApi'*/[0m
  [1m[36mTRANSACTION (1.1ms)[0m  [1m[35mCOMMIT /*application='EcoexploreApi'*/[0m
Migrating to AddPointsToUser (20250811180417)
  [1m[36mTRANSACTION (0.2ms)[0m  [1m[35mBEGIN /*application='EcoexploreApi'*/[0m
  [1m[35m (2.0ms)[0m  [1m[35mALTER TABLE "users" ADD "points" integer /*application='EcoexploreApi'*/[0m
  [1m[36mActiveRecord::SchemaMigration Create (0.2ms)[0m  [1m[32mINSERT INTO "schema_migrations" ("version") VALUES ('20250811180417') RETURNING "version" /*application='EcoexploreApi'*/[0m
  [1m[36mTRANSACTION (0.3ms)[0m  [1m[35mCOMMIT /*application='EcoexploreApi'*/[0m
  [1m[35m (0.2ms)[0m  [1m[34mSELECT pg_advisory_unlock(6037356068423077650) /*application='EcoexploreApi'*/[0m
  [1m[36mActiveRecord::SchemaMigration Load (0.2ms)[0m  [1m[34mSELECT "schema_migrations"."version" FROM "schema_migrations" ORDER BY "schema_migrations"."version" ASC /*application='EcoexploreApi'*/[0m
[dotenv] Set [36mDATABASE_PASSWORD[0m, [36mDATABASE_PORT[0m, and [36mDATABASE_USERNAME[0m
[dotenv] Loaded [33m.env[0m
[dotenv] Set [36mDATABASE_PASSWORD[0m, [36mDATABASE_PORT[0m, and [36mDATABASE_USERNAME[0m
[dotenv] Loaded [33m.env[0m
  [1m[35m (0.1ms)[0m  [1m[34mSELECT pg_try_advisory_lock(6037356068423077650) /*application='EcoexploreApi'*/[0m
  [1m[36mActiveRecord::SchemaMigration Load (0.9ms)[0m  [1m[34mSELECT "schema_migrations"."version" FROM "schema_migrations" ORDER BY "schema_migrations"."version" ASC /*application='EcoexploreApi'*/[0m
  [1m[36mActiveRecord::InternalMetadata Load (0.9ms)[0m  [1m[34mSELECT * FROM "ar_internal_metadata" WHERE "ar_internal_metadata"."key" = 'environment' ORDER BY "ar_internal_metadata"."key" ASC LIMIT 1 /*application='EcoexploreApi'*/[0m
Migrating to AddRoleToUser (20250811180534)
  [1m[36mTRANSACTION (0.1ms)[0m  [1m[35mBEGIN /*application='EcoexploreApi'*/[0m
  [1m[35m (2.6ms)[0m  [1m[35mALTER TABLE "users" ADD "role" character varying /*application='EcoexploreApi'*/[0m
  [1m[36mActiveRecord::SchemaMigration Create (0.3ms)[0m  [1m[32mINSERT INTO "schema_migrations" ("version") VALUES ('20250811180534') RETURNING "version" /*application='EcoexploreApi'*/[0m
  [1m[36mTRANSACTION (0.6ms)[0m  [1m[35mCOMMIT /*application='EcoexploreApi'*/[0m
  [1m[35m (0.2ms)[0m  [1m[34mSELECT pg_advisory_unlock(6037356068423077650) /*application='EcoexploreApi'*/[0m
  [1m[36mActiveRecord::SchemaMigration Load (0.2ms)[0m  [1m[34mSELECT "schema_migrations"."version" FROM "schema_migrations" ORDER BY "schema_migrations"."version" ASC /*application='EcoexploreApi'*/[0m
[dotenv] Set [36mDATABASE_PASSWORD[0m, [36mDATABASE_PORT[0m, and [36mDATABASE_USERNAME[0m
[dotenv] Loaded [33m.env[0m
[dotenv] Set [36mDATABASE_PASSWORD[0m, [36mDATABASE_PORT[0m, and [36mDATABASE_USERNAME[0m
[dotenv] Loaded [33m.env[0m
  [1m[35m (0.1ms)[0m  [1m[34mSELECT pg_try_advisory_lock(6037356068423077650) /*application='EcoexploreApi'*/[0m
  [1m[36mActiveRecord::SchemaMigration Load (1.0ms)[0m  [1m[34mSELECT "schema_migrations"."version" FROM "schema_migrations" ORDER BY "schema_migrations"."version" ASC /*application='EcoexploreApi'*/[0m
  [1m[36mActiveRecord::InternalMetadata Load (0.9ms)[0m  [1m[34mSELECT * FROM "ar_internal_metadata" WHERE "ar_internal_metadata"."key" = 'environment' ORDER BY "ar_internal_metadata"."key" ASC LIMIT 1 /*application='EcoexploreApi'*/[0m
Migrating to CreateSightings (20250811180857)
  [1m[36mTRANSACTION (0.1ms)[0m  [1m[35mBEGIN /*application='EcoexploreApi'*/[0m
  [1m[35m (11.3ms)[0m  [1m[35mCREATE TABLE "sightings" ("id" bigserial primary key, "description" character varying, "user_id" bigint NOT NULL, "created_at" timestamp(6) NOT NULL, "updated_at" timestamp(6) NOT NULL, CONSTRAINT "fk_rails_23b73508c9"
FOREIGN KEY ("user_id")
  REFERENCES "users" ("id")
) /*application='EcoexploreApi'*/[0m
  [1m[36mTRANSACTION (0.1ms)[0m  [1m[31mROLLBACK /*application='EcoexploreApi'*/[0m
  [1m[35m (0.2ms)[0m  [1m[34mSELECT pg_advisory_unlock(6037356068423077650) /*application='EcoexploreApi'*/[0m
[dotenv] Set [36mDATABASE_PASSWORD[0m, [36mDATABASE_PORT[0m, and [36mDATABASE_USERNAME[0m
[dotenv] Loaded [33m.env[0m
[dotenv] Set [36mDATABASE_PASSWORD[0m, [36mDATABASE_PORT[0m, and [36mDATABASE_USERNAME[0m
[dotenv] Loaded [33m.env[0m
[dotenv] Set [36mDATABASE_PASSWORD[0m, [36mDATABASE_PORT[0m, and [36mDATABASE_USERNAME[0m
[dotenv] Loaded [33m.env[0m
[dotenv] Set [36mDATABASE_PASSWORD[0m, [36mDATABASE_PORT[0m, and [36mDATABASE_USERNAME[0m
[dotenv] Loaded [33m.env[0m
[dotenv] Set [36mDATABASE_PASSWORD[0m, [36mDATABASE_PORT[0m, and [36mDATABASE_USERNAME[0m
[dotenv] Loaded [33m.env[0m
[dotenv] Set [36mDATABASE_PASSWORD[0m, [36mDATABASE_PORT[0m, and [36mDATABASE_USERNAME[0m
[dotenv] Loaded [33m.env[0m
  [1m[35m (0.2ms)[0m  [1m[34mSELECT pg_try_advisory_lock(6037356068423077650) /*application='EcoexploreApi'*/[0m
  [1m[36mActiveRecord::SchemaMigration Load (1.0ms)[0m  [1m[34mSELECT "schema_migrations"."version" FROM "schema_migrations" ORDER BY "schema_migrations"."version" ASC /*application='EcoexploreApi'*/[0m
  [1m[36mActiveRecord::InternalMetadata Load (1.0ms)[0m  [1m[34mSELECT * FROM "ar_internal_metadata" WHERE "ar_internal_metadata"."key" = 'environment' ORDER BY "ar_internal_metadata"."key" ASC LIMIT 1 /*application='EcoexploreApi'*/[0m
Migrating to CreateSightingStates (20250811181422)
  [1m[36mTRANSACTION (0.1ms)[0m  [1m[35mBEGIN /*application='EcoexploreApi'*/[0m
  [1m[35m (7.6ms)[0m  [1m[35mCREATE TABLE "sighting_states" ("id" bigserial primary key, "name" character varying, "code" integer, "created_at" timestamp(6) NOT NULL, "updated_at" timestamp(6) NOT NULL) /*application='EcoexploreApi'*/[0m
  [1m[36mActiveRecord::SchemaMigration Create (0.3ms)[0m  [1m[32mINSERT INTO "schema_migrations" ("version") VALUES ('20250811181422') RETURNING "version" /*application='EcoexploreApi'*/[0m
  [1m[36mTRANSACTION (0.9ms)[0m  [1m[35mCOMMIT /*application='EcoexploreApi'*/[0m
Migrating to CreateEcosystems (20250811181716)
  [1m[36mTRANSACTION (0.3ms)[0m  [1m[35mBEGIN /*application='EcoexploreApi'*/[0m
  [1m[35m (5.4ms)[0m  [1m[35mCREATE TABLE "ecosystems" ("id" bigserial primary key, "name" character varying, "description" character varying, "created_at" timestamp(6) NOT NULL, "updated_at" timestamp(6) NOT NULL) /*application='EcoexploreApi'*/[0m
  [1m[36mActiveRecord::SchemaMigration Create (0.2ms)[0m  [1m[32mINSERT INTO "schema_migrations" ("version") VALUES ('20250811181716') RETURNING "version" /*application='EcoexploreApi'*/[0m
  [1m[36mTRANSACTION (0.4ms)[0m  [1m[35mCOMMIT /*application='EcoexploreApi'*/[0m
Migrating to CreateLocations (20250811181742)
  [1m[36mTRANSACTION (0.3ms)[0m  [1m[35mBEGIN /*application='EcoexploreApi'*/[0m
  [1m[35m (5.5ms)[0m  [1m[35mCREATE TABLE "locations" ("id" bigserial primary key, "name" character varying, "coordinates" character varying, "created_at" timestamp(6) NOT NULL, "updated_at" timestamp(6) NOT NULL) /*application='EcoexploreApi'*/[0m
  [1m[36mActiveRecord::SchemaMigration Create (0.2ms)[0m  [1m[32mINSERT INTO "schema_migrations" ("version") VALUES ('20250811181742') RETURNING "version" /*application='EcoexploreApi'*/[0m
  [1m[36mTRANSACTION (0.4ms)[0m  [1m[35mCOMMIT /*application='EcoexploreApi'*/[0m
  [1m[35m (0.3ms)[0m  [1m[34mSELECT pg_advisory_unlock(6037356068423077650) /*application='EcoexploreApi'*/[0m
  [1m[36mActiveRecord::SchemaMigration Load (0.2ms)[0m  [1m[34mSELECT "schema_migrations"."version" FROM "schema_migrations" ORDER BY "schema_migrations"."version" ASC /*application='EcoexploreApi'*/[0m
[dotenv] Set [36mDATABASE_PASSWORD[0m, [36mDATABASE_PORT[0m, and [36mDATABASE_USERNAME[0m
[dotenv] Loaded [33m.env[0m
[dotenv] Set [36mDATABASE_PASSWORD[0m, [36mDATABASE_PORT[0m, and [36mDATABASE_USERNAME[0m
[dotenv] Loaded [33m.env[0m
[dotenv] Set [36mDATABASE_PASSWORD[0m, [36mDATABASE_PORT[0m, and [36mDATABASE_USERNAME[0m
[dotenv] Loaded [33m.env[0m
[dotenv] Set [36mDATABASE_PASSWORD[0m, [36mDATABASE_PORT[0m, and [36mDATABASE_USERNAME[0m
[dotenv] Loaded [33m.env[0m
  [1m[35m (0.2ms)[0m  [1m[34mSELECT pg_try_advisory_lock(6037356068423077650) /*application='EcoexploreApi'*/[0m
  [1m[36mActiveRecord::SchemaMigration Load (1.4ms)[0m  [1m[34mSELECT "schema_migrations"."version" FROM "schema_migrations" ORDER BY "schema_migrations"."version" ASC /*application='EcoexploreApi'*/[0m
  [1m[36mActiveRecord::InternalMetadata Load (1.3ms)[0m  [1m[34mSELECT * FROM "ar_internal_metadata" WHERE "ar_internal_metadata"."key" = 'environment' ORDER BY "ar_internal_metadata"."key" ASC LIMIT 1 /*application='EcoexploreApi'*/[0m
Migrating to CreateSightings (20250811182725)
  [1m[36mTRANSACTION (0.1ms)[0m  [1m[35mBEGIN /*application='EcoexploreApi'*/[0m
  [1m[35m (12.1ms)[0m  [1m[35mCREATE TABLE "sightings" ("id" uuid DEFAULT gen_random_uuid() NOT NULL PRIMARY KEY, "user_id" uuid NOT NULL, "ecosystem_id" uuid NOT NULL, "location_id" uuid NOT NULL, "sighting_state_id" uuid NOT NULL, "description" character varying, "created_at" timestamp(6) NOT NULL, "updated_at" timestamp(6) NOT NULL, CONSTRAINT "fk_rails_23b73508c9"
FOREIGN KEY ("user_id")
  REFERENCES "users" ("id")
, CONSTRAINT "fk_rails_22298afc30"
FOREIGN KEY ("ecosystem_id")
  REFERENCES "ecosystems" ("id")
, CONSTRAINT "fk_rails_2915c3aa31"
FOREIGN KEY ("location_id")
  REFERENCES "locations" ("id")
, CONSTRAINT "fk_rails_de2ce44b6d"
FOREIGN KEY ("sighting_state_id")
  REFERENCES "sighting_states" ("id")
) /*application='EcoexploreApi'*/[0m
  [1m[36mTRANSACTION (0.1ms)[0m  [1m[31mROLLBACK /*application='EcoexploreApi'*/[0m
  [1m[35m (0.2ms)[0m  [1m[34mSELECT pg_advisory_unlock(6037356068423077650) /*application='EcoexploreApi'*/[0m
[dotenv] Set [36mDATABASE_PASSWORD[0m, [36mDATABASE_PORT[0m, and [36mDATABASE_USERNAME[0m
[dotenv] Loaded [33m.env[0m
  [1m[35m (0.2ms)[0m  [1m[34mSELECT pg_try_advisory_lock(6037356068423077650) /*application='EcoexploreApi'*/[0m
  [1m[36mActiveRecord::SchemaMigration Load (1.1ms)[0m  [1m[34mSELECT "schema_migrations"."version" FROM "schema_migrations" ORDER BY "schema_migrations"."version" ASC /*application='EcoexploreApi'*/[0m
  [1m[36mActiveRecord::InternalMetadata Load (1.0ms)[0m  [1m[34mSELECT * FROM "ar_internal_metadata" WHERE "ar_internal_metadata"."key" = 'environment' ORDER BY "ar_internal_metadata"."key" ASC LIMIT 1 /*application='EcoexploreApi'*/[0m
Migrating to CreateSightings (20250811182725)
  [1m[36mTRANSACTION (0.2ms)[0m  [1m[35mBEGIN /*application='EcoexploreApi'*/[0m
  [1m[35m (9.5ms)[0m  [1m[35mCREATE TABLE "sightings" ("id" uuid DEFAULT gen_random_uuid() NOT NULL PRIMARY KEY, "user_id" uuid NOT NULL, "ecosystem_id" bigint NOT NULL, "location_id" bigint NOT NULL, "sighting_state_id" bigint NOT NULL, "description" character varying, "created_at" timestamp(6) NOT NULL, "updated_at" timestamp(6) NOT NULL, CONSTRAINT "fk_rails_23b73508c9"
FOREIGN KEY ("user_id")
  REFERENCES "users" ("id")
, CONSTRAINT "fk_rails_22298afc30"
FOREIGN KEY ("ecosystem_id")
  REFERENCES "ecosystems" ("id")
, CONSTRAINT "fk_rails_2915c3aa31"
FOREIGN KEY ("location_id")
  REFERENCES "locations" ("id")
, CONSTRAINT "fk_rails_de2ce44b6d"
FOREIGN KEY ("sighting_state_id")
  REFERENCES "sighting_states" ("id")
) /*application='EcoexploreApi'*/[0m
  [1m[35m (1.1ms)[0m  [1m[35mCREATE INDEX "index_sightings_on_user_id" ON "sightings" ("user_id") /*application='EcoexploreApi'*/[0m
  [1m[35m (1.0ms)[0m  [1m[35mCREATE INDEX "index_sightings_on_ecosystem_id" ON "sightings" ("ecosystem_id") /*application='EcoexploreApi'*/[0m
  [1m[35m (0.9ms)[0m  [1m[35mCREATE INDEX "index_sightings_on_location_id" ON "sightings" ("location_id") /*application='EcoexploreApi'*/[0m
  [1m[35m (0.9ms)[0m  [1m[35mCREATE INDEX "index_sightings_on_sighting_state_id" ON "sightings" ("sighting_state_id") /*application='EcoexploreApi'*/[0m
  [1m[36mActiveRecord::SchemaMigration Create (0.3ms)[0m  [1m[32mINSERT INTO "schema_migrations" ("version") VALUES ('20250811182725') RETURNING "version" /*application='EcoexploreApi'*/[0m
  [1m[36mTRANSACTION (0.8ms)[0m  [1m[35mCOMMIT /*application='EcoexploreApi'*/[0m
  [1m[35m (0.2ms)[0m  [1m[34mSELECT pg_advisory_unlock(6037356068423077650) /*application='EcoexploreApi'*/[0m
  [1m[36mActiveRecord::SchemaMigration Load (0.2ms)[0m  [1m[34mSELECT "schema_migrations"."version" FROM "schema_migrations" ORDER BY "schema_migrations"."version" ASC /*application='EcoexploreApi'*/[0m
[dotenv] Set [36mDATABASE_PASSWORD[0m, [36mDATABASE_USERNAME[0m, and [36mDATABASE_PORT[0m
[dotenv] Loaded [33m.env[0m
  [1m[35m (310.1ms)[0m  [1m[35mCREATE DATABASE "ecoexplore_db" ENCODING = 'unicode' /*application='EcoexploreApi'*/[0m
[dotenv] Set [36mDATABASE_PASSWORD[0m, [36mDATABASE_USERNAME[0m, and [36mDATABASE_PORT[0m
[dotenv] Loaded [33m.env[0m
  [1m[35m (348.6ms)[0m  [1m[35mCREATE DATABASE "ecoexplore_db" ENCODING = 'unicode' /*application='EcoexploreApi'*/[0m
[dotenv] Set [36mDATABASE_PASSWORD[0m, [36mDATABASE_USERNAME[0m, and [36mDATABASE_PORT[0m
[dotenv] Loaded [33m.env[0m
  [1m[35mSQL (0.1ms)[0m  [1m[35mSET search_path TO public /*application='EcoexploreApi'*/[0m
  [1m[35m (198.0ms)[0m  [1m[35mCREATE DATABASE "ecoexplore_db" ENCODING = 'unicode' /*application='EcoexploreApi'*/[0m
[dotenv] Set [36mDATABASE_PASSWORD[0m, [36mDATABASE_USERNAME[0m, and [36mDATABASE_PORT[0m
[dotenv] Loaded [33m.env[0m
  [1m[35mSQL (0.3ms)[0m  [1m[35mCREATE EXTENSION IF NOT EXISTS "plpgsql" SCHEMA pg_catalog /*application='EcoexploreApi'*/[0m
  [1m[35m (0.2ms)[0m  [1m[35mDROP TABLE IF EXISTS "ecosystems" CASCADE /*application='EcoexploreApi'*/[0m
  [1m[35m (10.9ms)[0m  [1m[35mCREATE TABLE "ecosystems" ("id" bigserial primary key, "name" character varying, "description" character varying, "created_at" timestamp(6) NOT NULL, "updated_at" timestamp(6) NOT NULL) /*application='EcoexploreApi'*/[0m
  [1m[35m (0.9ms)[0m  [1m[35mDROP TABLE IF EXISTS "locations" CASCADE /*application='EcoexploreApi'*/[0m
  [1m[35m (3.3ms)[0m  [1m[35mCREATE TABLE "locations" ("id" bigserial primary key, "name" character varying, "coordinates" character varying, "created_at" timestamp(6) NOT NULL, "updated_at" timestamp(6) NOT NULL) /*application='EcoexploreApi'*/[0m
  [1m[35m (0.5ms)[0m  [1m[35mDROP TABLE IF EXISTS "sighting_states" CASCADE /*application='EcoexploreApi'*/[0m
  [1m[35m (3.3ms)[0m  [1m[35mCREATE TABLE "sighting_states" ("id" bigserial primary key, "name" character varying, "code" integer, "created_at" timestamp(6) NOT NULL, "updated_at" timestamp(6) NOT NULL) /*application='EcoexploreApi'*/[0m
  [1m[35m (0.7ms)[0m  [1m[35mDROP TABLE IF EXISTS "sightings" CASCADE /*application='EcoexploreApi'*/[0m
  [1m[35m (4.6ms)[0m  [1m[35mCREATE TABLE "sightings" ("id" uuid DEFAULT gen_random_uuid() NOT NULL PRIMARY KEY, "user_id" uuid NOT NULL, "ecosystem_id" bigint NOT NULL, "location_id" bigint NOT NULL, "sighting_state_id" bigint NOT NULL, "description" character varying, "created_at" timestamp(6) NOT NULL, "updated_at" timestamp(6) NOT NULL) /*application='EcoexploreApi'*/[0m
  [1m[35m (1.4ms)[0m  [1m[35mCREATE INDEX "index_sightings_on_ecosystem_id" ON "sightings" ("ecosystem_id") /*application='EcoexploreApi'*/[0m
  [1m[35m (1.1ms)[0m  [1m[35mCREATE INDEX "index_sightings_on_location_id" ON "sightings" ("location_id") /*application='EcoexploreApi'*/[0m
  [1m[35m (1.4ms)[0m  [1m[35mCREATE INDEX "index_sightings_on_sighting_state_id" ON "sightings" ("sighting_state_id") /*application='EcoexploreApi'*/[0m
  [1m[35m (1.2ms)[0m  [1m[35mCREATE INDEX "index_sightings_on_user_id" ON "sightings" ("user_id") /*application='EcoexploreApi'*/[0m
  [1m[35m (0.2ms)[0m  [1m[35mDROP TABLE IF EXISTS "users" CASCADE /*application='EcoexploreApi'*/[0m
  [1m[35m (3.7ms)[0m  [1m[35mCREATE TABLE "users" ("id" uuid DEFAULT gen_random_uuid() NOT NULL PRIMARY KEY, "first_name" character varying, "email" character varying, "last_name" character varying, "password" character varying, "created_at" timestamp(6) NOT NULL, "updated_at" timestamp(6) NOT NULL, "points" integer, "role" character varying) /*application='EcoexploreApi'*/[0m
  [1m[35m (6.2ms)[0m  [1m[35mALTER TABLE "sightings" ADD CONSTRAINT "fk_rails_22298afc30"
FOREIGN KEY ("ecosystem_id")
  REFERENCES "ecosystems" ("id")
 /*application='EcoexploreApi'*/[0m
  [1m[35m (1.9ms)[0m  [1m[35mALTER TABLE "sightings" ADD CONSTRAINT "fk_rails_2915c3aa31"
FOREIGN KEY ("location_id")
  REFERENCES "locations" ("id")
 /*application='EcoexploreApi'*/[0m
  [1m[35m (1.2ms)[0m  [1m[35mALTER TABLE "sightings" ADD CONSTRAINT "fk_rails_de2ce44b6d"
FOREIGN KEY ("sighting_state_id")
  REFERENCES "sighting_states" ("id")
 /*application='EcoexploreApi'*/[0m
  [1m[35m (2.1ms)[0m  [1m[35mALTER TABLE "sightings" ADD CONSTRAINT "fk_rails_23b73508c9"
FOREIGN KEY ("user_id")
  REFERENCES "users" ("id")
 /*application='EcoexploreApi'*/[0m
  [1m[35m (3.4ms)[0m  [1m[35mCREATE TABLE "schema_migrations" ("version" character varying NOT NULL PRIMARY KEY) /*application='EcoexploreApi'*/[0m
  [1m[36mActiveRecord::SchemaMigration Load (1.2ms)[0m  [1m[34mSELECT "schema_migrations"."version" FROM "schema_migrations" ORDER BY "schema_migrations"."version" ASC /*application='EcoexploreApi'*/[0m
  [1m[35m (0.7ms)[0m  [1m[32mINSERT INTO "schema_migrations" (version) VALUES (20250811182725) /*application='EcoexploreApi'*/[0m
  [1m[35m (0.3ms)[0m  [1m[32mINSERT INTO "schema_migrations" (version) VALUES
(20250811181742),
(20250811181716),
(20250811181422),
(20250811180534),
(20250811180417),
(20250811174329),
(20250811174120); /*application='EcoexploreApi'*/[0m
  [1m[35m (2.8ms)[0m  [1m[35mCREATE TABLE "ar_internal_metadata" ("key" character varying NOT NULL PRIMARY KEY, "value" character varying, "created_at" timestamp(6) NOT NULL, "updated_at" timestamp(6) NOT NULL) /*application='EcoexploreApi'*/[0m
  [1m[36mActiveRecord::InternalMetadata Load (0.9ms)[0m  [1m[34mSELECT * FROM "ar_internal_metadata" WHERE "ar_internal_metadata"."key" = 'environment' ORDER BY "ar_internal_metadata"."key" ASC LIMIT 1 /*application='EcoexploreApi'*/[0m
  [1m[36mActiveRecord::InternalMetadata Create (0.8ms)[0m  [1m[32mINSERT INTO "ar_internal_metadata" ("key", "value", "created_at", "updated_at") VALUES ('environment', 'development', '2025-08-11 18:39:48.706905', '2025-08-11 18:39:48.706906') RETURNING "key" /*application='EcoexploreApi'*/[0m
  [1m[36mActiveRecord::InternalMetadata Load (0.2ms)[0m  [1m[34mSELECT * FROM "ar_internal_metadata" WHERE "ar_internal_metadata"."key" = 'environment' ORDER BY "ar_internal_metadata"."key" ASC LIMIT 1 /*application='EcoexploreApi'*/[0m
  [1m[36mActiveRecord::InternalMetadata Load (0.2ms)[0m  [1m[34mSELECT * FROM "ar_internal_metadata" WHERE "ar_internal_metadata"."key" = 'schema_sha1' ORDER BY "ar_internal_metadata"."key" ASC LIMIT 1 /*application='EcoexploreApi'*/[0m
  [1m[36mActiveRecord::InternalMetadata Create (0.3ms)[0m  [1m[32mINSERT INTO "ar_internal_metadata" ("key", "value", "created_at", "updated_at") VALUES ('schema_sha1', '41b07f8e3b88cb171e88e69de34dc00a3c8f317c', '2025-08-11 18:39:48.713762', '2025-08-11 18:39:48.713764') RETURNING "key" /*application='EcoexploreApi'*/[0m
  [1m[35m (0.2ms)[0m  [1m[34mSELECT pg_try_advisory_lock(6037356068423077650) /*application='EcoexploreApi'*/[0m
  [1m[36mActiveRecord::SchemaMigration Load (0.2ms)[0m  [1m[34mSELECT "schema_migrations"."version" FROM "schema_migrations" ORDER BY "schema_migrations"."version" ASC /*application='EcoexploreApi'*/[0m
  [1m[36mActiveRecord::InternalMetadata Load (0.2ms)[0m  [1m[34mSELECT * FROM "ar_internal_metadata" WHERE "ar_internal_metadata"."key" = 'environment' ORDER BY "ar_internal_metadata"."key" ASC LIMIT 1 /*application='EcoexploreApi'*/[0m
  [1m[35m (0.1ms)[0m  [1m[34mSELECT pg_advisory_unlock(6037356068423077650) /*application='EcoexploreApi'*/[0m
  [1m[36mActiveRecord::SchemaMigration Load (0.1ms)[0m  [1m[34mSELECT "schema_migrations"."version" FROM "schema_migrations" ORDER BY "schema_migrations"."version" ASC /*application='EcoexploreApi'*/[0m
[dotenv] Set [36mDATABASE_PASSWORD[0m, [36mDATABASE_PORT[0m, and [36mDATABASE_USERNAME[0m
[dotenv] Loaded [33m.env[0m
[dotenv] Set [36mDATABASE_PASSWORD[0m, [36mDATABASE_PORT[0m, and [36mDATABASE_USERNAME[0m
[dotenv] Loaded [33m.env[0m
[dotenv] Set [36mDATABASE_PASSWORD[0m, [36mDATABASE_PORT[0m, and [36mDATABASE_USERNAME[0m
[dotenv] Loaded [33m.env[0m
[dotenv] Set [36mDATABASE_PASSWORD[0m, [36mDATABASE_PORT[0m, and [36mDATABASE_USERNAME[0m
[dotenv] Loaded [33m.env[0m
  [1m[35mSQL (0.1ms)[0m  [1m[35mSET search_path TO public /*application='EcoexploreApi'*/[0m
  [1m[35m (113.9ms)[0m  [1m[35mCREATE DATABASE "ecoexplore_db" ENCODING = 'unicode' /*application='EcoexploreApi'*/[0m
[dotenv] Set [36mDATABASE_PASSWORD[0m, [36mDATABASE_PORT[0m, and [36mDATABASE_USERNAME[0m
[dotenv] Loaded [33m.env[0m
  [1m[35m (0.2ms)[0m  [1m[34mSELECT pg_try_advisory_lock(6037356068423077650) /*application='EcoexploreApi'*/[0m
  [1m[36mActiveRecord::SchemaMigration Load (1.3ms)[0m  [1m[34mSELECT "schema_migrations"."version" FROM "schema_migrations" ORDER BY "schema_migrations"."version" ASC /*application='EcoexploreApi'*/[0m
  [1m[36mActiveRecord::InternalMetadata Load (1.3ms)[0m  [1m[34mSELECT * FROM "ar_internal_metadata" WHERE "ar_internal_metadata"."key" = 'environment' ORDER BY "ar_internal_metadata"."key" ASC LIMIT 1 /*application='EcoexploreApi'*/[0m
Migrating to AddPasswordDigestToUsers (20250811194845)
  [1m[36mTRANSACTION (0.2ms)[0m  [1m[35mBEGIN /*application='EcoexploreApi'*/[0m
  [1m[35m (3.3ms)[0m  [1m[35mALTER TABLE "users" ADD "password_digest" character varying /*application='EcoexploreApi'*/[0m
  [1m[36mActiveRecord::SchemaMigration Create (0.3ms)[0m  [1m[32mINSERT INTO "schema_migrations" ("version") VALUES ('20250811194845') RETURNING "version" /*application='EcoexploreApi'*/[0m
  [1m[36mTRANSACTION (0.7ms)[0m  [1m[35mCOMMIT /*application='EcoexploreApi'*/[0m
  [1m[35m (0.2ms)[0m  [1m[34mSELECT pg_advisory_unlock(6037356068423077650) /*application='EcoexploreApi'*/[0m
  [1m[36mActiveRecord::SchemaMigration Load (0.2ms)[0m  [1m[34mSELECT "schema_migrations"."version" FROM "schema_migrations" ORDER BY "schema_migrations"."version" ASC /*application='EcoexploreApi'*/[0m
[dotenv] Set [36mDATABASE_PASSWORD[0m, [36mDATABASE_PORT[0m, and [36mDATABASE_USERNAME[0m
[dotenv] Loaded [33m.env[0m
[dotenv] Set [36mDATABASE_PASSWORD[0m, [36mDATABASE_PORT[0m, and [36mDATABASE_USERNAME[0m
[dotenv] Loaded [33m.env[0m
  [1m[35m (0.2ms)[0m  [1m[34mSELECT pg_try_advisory_lock(6037356068423077650) /*application='EcoexploreApi'*/[0m
  [1m[36mActiveRecord::SchemaMigration Load (1.3ms)[0m  [1m[34mSELECT "schema_migrations"."version" FROM "schema_migrations" ORDER BY "schema_migrations"."version" ASC /*application='EcoexploreApi'*/[0m
  [1m[36mActiveRecord::InternalMetadata Load (1.1ms)[0m  [1m[34mSELECT * FROM "ar_internal_metadata" WHERE "ar_internal_metadata"."key" = 'environment' ORDER BY "ar_internal_metadata"."key" ASC LIMIT 1 /*application='EcoexploreApi'*/[0m
Migrating to RemovePasswordFromUsers (20250811195348)
  [1m[36mTRANSACTION (0.1ms)[0m  [1m[35mBEGIN /*application='EcoexploreApi'*/[0m
  [1m[35m (2.4ms)[0m  [1m[35mALTER TABLE "users" DROP COLUMN "password" /*application='EcoexploreApi'*/[0m
  [1m[36mActiveRecord::SchemaMigration Create (0.4ms)[0m  [1m[32mINSERT INTO "schema_migrations" ("version") VALUES ('20250811195348') RETURNING "version" /*application='EcoexploreApi'*/[0m
  [1m[36mTRANSACTION (0.6ms)[0m  [1m[35mCOMMIT /*application='EcoexploreApi'*/[0m
  [1m[35m (0.2ms)[0m  [1m[34mSELECT pg_advisory_unlock(6037356068423077650) /*application='EcoexploreApi'*/[0m
  [1m[36mActiveRecord::SchemaMigration Load (0.2ms)[0m  [1m[34mSELECT "schema_migrations"."version" FROM "schema_migrations" ORDER BY "schema_migrations"."version" ASC /*application='EcoexploreApi'*/[0m
[dotenv] Set [36mDATABASE_PASSWORD[0m, [36mDATABASE_PORT[0m, and [36mDATABASE_USERNAME[0m
[dotenv] Loaded [33m.env[0m
[dotenv] Set [36mDATABASE_PASSWORD[0m, [36mDATABASE_PORT[0m, and [36mDATABASE_USERNAME[0m
[dotenv] Loaded [33m.env[0m
[dotenv] Set [36mDATABASE_PASSWORD[0m, [36mDATABASE_PORT[0m, and [36mDATABASE_USERNAME[0m
[dotenv] Loaded [33m.env[0m
Started POST "/auth/register" for ::1 at 2025-08-11 15:06:01 -0500
  [1m[36mActiveRecord::SchemaMigration Load (1.4ms)[0m  [1m[34mSELECT "schema_migrations"."version" FROM "schema_migrations" ORDER BY "schema_migrations"."version" ASC /*application='EcoexploreApi'*/[0m
  
ArgumentError (Before process_action callback :verify_authenticity_token has not been defined):
  
app/controllers/auth_controller.rb:2:in '<class:AuthController>'
app/controllers/auth_controller.rb:1:in '<main>'
[dotenv] Set [36mDATABASE_PASSWORD[0m, [36mDATABASE_PORT[0m, and [36mDATABASE_USERNAME[0m
[dotenv] Loaded [33m.env[0m
Started POST "/auth/register" for ::1 at 2025-08-11 15:07:38 -0500
  [1m[36mActiveRecord::SchemaMigration Load (1.4ms)[0m  [1m[34mSELECT "schema_migrations"."version" FROM "schema_migrations" ORDER BY "schema_migrations"."version" ASC /*application='EcoexploreApi'*/[0m
Processing by AuthController#register as */*
  Parameters: {"name" => "Juan Perez", "email" => "[FILTERED]", "password" => "[FILTERED]", "password_confirmation" => "[FILTERED]", "auth" => {"name" => "Juan Perez", "email" => "[FILTERED]", "password" => "[FILTERED]", "password_confirmation" => "[FILTERED]"}}
Completed 500 Internal Server Error in 78ms (ActiveRecord: 0.0ms (0 queries, 0 cached) | GC: 0.0ms)


  
ArgumentError (wrong number of arguments (given 0, expected 1..2)):
  
app/models/user.rb:10:in '<class:User>'
app/models/user.rb:1:in '<main>'
app/controllers/auth_controller.rb:5:in 'AuthController#register'
Started POST "/auth/register" for ::1 at 2025-08-11 15:39:31 -0500
Processing by AuthController#register as */*
  Parameters: {"name" => "Juan Perez", "email" => "[FILTERED]", "password" => "[FILTERED]", "password_confirmation" => "[FILTERED]", "auth" => {"name" => "Juan Perez", "email" => "[FILTERED]", "password" => "[FILTERED]", "password_confirmation" => "[FILTERED]"}}
Completed 500 Internal Server Error in 8ms (ActiveRecord: 0.0ms (0 queries, 0 cached) | GC: 0.0ms)


  
ArgumentError (wrong number of arguments (given 0, expected 1..2)):
  
app/models/user.rb:10:in '<class:User>'
app/models/user.rb:1:in '<main>'
app/controllers/auth_controller.rb:5:in 'AuthController#register'
[dotenv] Set [36mDATABASE_PASSWORD[0m, [36mDATABASE_PORT[0m, and [36mDATABASE_USERNAME[0m
[dotenv] Loaded [33m.env[0m
  [1m[36mActiveRecord::SchemaMigration Load (1.5ms)[0m  [1m[34mSELECT "schema_migrations"."version" FROM "schema_migrations" ORDER BY "schema_migrations"."version" ASC /*application='EcoexploreApi'*/[0m
  [1m[36mActiveRecord::InternalMetadata Load (1.2ms)[0m  [1m[34mSELECT * FROM "ar_internal_metadata" WHERE "ar_internal_metadata"."key" = 'environment' ORDER BY "ar_internal_metadata"."key" ASC LIMIT 1 /*application='EcoexploreApi'*/[0m
  [1m[36mActiveRecord::SchemaMigration Load (0.2ms)[0m  [1m[34mSELECT "schema_migrations"."version" FROM "schema_migrations" ORDER BY "schema_migrations"."version" ASC /*application='EcoexploreApi'*/[0m
  [1m[36mActiveRecord::InternalMetadata Load (0.2ms)[0m  [1m[34mSELECT * FROM "ar_internal_metadata" WHERE "ar_internal_metadata"."key" = 'environment' ORDER BY "ar_internal_metadata"."key" ASC LIMIT 1 /*application='EcoexploreApi'*/[0m
  [1m[36mActiveRecord::SchemaMigration Load (0.1ms)[0m  [1m[34mSELECT "schema_migrations"."version" FROM "schema_migrations" ORDER BY "schema_migrations"."version" ASC /*application='EcoexploreApi'*/[0m
  [1m[36mActiveRecord::InternalMetadata Load (0.2ms)[0m  [1m[34mSELECT * FROM "ar_internal_metadata" WHERE "ar_internal_metadata"."key" = 'environment' ORDER BY "ar_internal_metadata"."key" ASC LIMIT 1 /*application='EcoexploreApi'*/[0m
  [1m[35mSQL (0.1ms)[0m  [1m[35mSET search_path TO public /*application='EcoexploreApi'*/[0m
  [1m[35m (5529.8ms)[0m  [1m[35mDROP DATABASE IF EXISTS "ecoexplore_db" /*application='EcoexploreApi'*/[0m
[dotenv] Set [36mDATABASE_PASSWORD[0m, [36mDATABASE_PORT[0m, and [36mDATABASE_USERNAME[0m
[dotenv] Loaded [33m.env[0m
  [1m[36mActiveRecord::SchemaMigration Load (1.5ms)[0m  [1m[34mSELECT "schema_migrations"."version" FROM "schema_migrations" ORDER BY "schema_migrations"."version" ASC /*application='EcoexploreApi'*/[0m
  [1m[36mActiveRecord::InternalMetadata Load (1.2ms)[0m  [1m[34mSELECT * FROM "ar_internal_metadata" WHERE "ar_internal_metadata"."key" = 'environment' ORDER BY "ar_internal_metadata"."key" ASC LIMIT 1 /*application='EcoexploreApi'*/[0m
  [1m[36mActiveRecord::SchemaMigration Load (0.2ms)[0m  [1m[34mSELECT "schema_migrations"."version" FROM "schema_migrations" ORDER BY "schema_migrations"."version" ASC /*application='EcoexploreApi'*/[0m
  [1m[36mActiveRecord::InternalMetadata Load (0.2ms)[0m  [1m[34mSELECT * FROM "ar_internal_metadata" WHERE "ar_internal_metadata"."key" = 'environment' ORDER BY "ar_internal_metadata"."key" ASC LIMIT 1 /*application='EcoexploreApi'*/[0m
  [1m[36mActiveRecord::SchemaMigration Load (0.2ms)[0m  [1m[34mSELECT "schema_migrations"."version" FROM "schema_migrations" ORDER BY "schema_migrations"."version" ASC /*application='EcoexploreApi'*/[0m
  [1m[36mActiveRecord::InternalMetadata Load (0.2ms)[0m  [1m[34mSELECT * FROM "ar_internal_metadata" WHERE "ar_internal_metadata"."key" = 'environment' ORDER BY "ar_internal_metadata"."key" ASC LIMIT 1 /*application='EcoexploreApi'*/[0m
  [1m[35mSQL (0.1ms)[0m  [1m[35mSET search_path TO public /*application='EcoexploreApi'*/[0m
  [1m[35m (5533.5ms)[0m  [1m[35mDROP DATABASE IF EXISTS "ecoexplore_db" /*application='EcoexploreApi'*/[0m
[dotenv] Set [36mDATABASE_PASSWORD[0m, [36mDATABASE_PORT[0m, and [36mDATABASE_USERNAME[0m
[dotenv] Loaded [33m.env[0m
  [1m[36mActiveRecord::SchemaMigration Load (1.2ms)[0m  [1m[34mSELECT "schema_migrations"."version" FROM "schema_migrations" ORDER BY "schema_migrations"."version" ASC /*application='EcoexploreApi'*/[0m
  [1m[36mActiveRecord::SchemaMigration Load (0.2ms)[0m  [1m[34mSELECT "schema_migrations"."version" FROM "schema_migrations" ORDER BY "schema_migrations"."version" ASC /*application='EcoexploreApi'*/[0m
  [1m[36mActiveRecord::SchemaMigration Load (0.2ms)[0m  [1m[34mSELECT "schema_migrations"."version" FROM "schema_migrations" ORDER BY "schema_migrations"."version" ASC /*application='EcoexploreApi'*/[0m
  [1m[35m (0.1ms)[0m  [1m[34mSELECT pg_try_advisory_lock(6037356068423077650) /*application='EcoexploreApi'*/[0m
  [1m[36mActiveRecord::SchemaMigration Load (0.2ms)[0m  [1m[34mSELECT "schema_migrations"."version" FROM "schema_migrations" ORDER BY "schema_migrations"."version" ASC /*application='EcoexploreApi'*/[0m
Migrating to RemovePasswordFromUsers (20250811195348)
  [1m[36mTRANSACTION (0.2ms)[0m  [1m[35mBEGIN /*application='EcoexploreApi'*/[0m
  [1m[35m (3.4ms)[0m  [1m[35mALTER TABLE "users" ADD "password" character varying /*application='EcoexploreApi'*/[0m
  [1m[36mActiveRecord::SchemaMigration Destroy (0.7ms)[0m  [1m[31mDELETE FROM "schema_migrations" WHERE "schema_migrations"."version" = '20250811195348' /*application='EcoexploreApi'*/[0m
  [1m[36mTRANSACTION (0.8ms)[0m  [1m[35mCOMMIT /*application='EcoexploreApi'*/[0m
Migrating to AddPasswordDigestToUsers (20250811194845)
  [1m[36mTRANSACTION (0.1ms)[0m  [1m[35mBEGIN /*application='EcoexploreApi'*/[0m
  [1m[35m (2.0ms)[0m  [1m[35mALTER TABLE "users" DROP COLUMN "password_digest" /*application='EcoexploreApi'*/[0m
  [1m[36mActiveRecord::SchemaMigration Destroy (0.2ms)[0m  [1m[31mDELETE FROM "schema_migrations" WHERE "schema_migrations"."version" = '20250811194845' /*application='EcoexploreApi'*/[0m
  [1m[36mTRANSACTION (0.3ms)[0m  [1m[35mCOMMIT /*application='EcoexploreApi'*/[0m
Migrating to CreateSightings (20250811182725)
  [1m[36mTRANSACTION (0.1ms)[0m  [1m[35mBEGIN /*application='EcoexploreApi'*/[0m
  [1m[35m (4.5ms)[0m  [1m[35mDROP TABLE "sightings" /*application='EcoexploreApi'*/[0m
  [1m[36mActiveRecord::SchemaMigration Destroy (0.2ms)[0m  [1m[31mDELETE FROM "schema_migrations" WHERE "schema_migrations"."version" = '20250811182725' /*application='EcoexploreApi'*/[0m
  [1m[36mTRANSACTION (3.8ms)[0m  [1m[35mCOMMIT /*application='EcoexploreApi'*/[0m
Migrating to CreateLocations (20250811181742)
  [1m[36mTRANSACTION (0.1ms)[0m  [1m[35mBEGIN /*application='EcoexploreApi'*/[0m
  [1m[35m (2.3ms)[0m  [1m[35mDROP TABLE "locations" /*application='EcoexploreApi'*/[0m
  [1m[36mActiveRecord::SchemaMigration Destroy (0.2ms)[0m  [1m[31mDELETE FROM "schema_migrations" WHERE "schema_migrations"."version" = '20250811181742' /*application='EcoexploreApi'*/[0m
  [1m[36mTRANSACTION (2.2ms)[0m  [1m[35mCOMMIT /*application='EcoexploreApi'*/[0m
Migrating to CreateEcosystems (20250811181716)
  [1m[36mTRANSACTION (0.1ms)[0m  [1m[35mBEGIN /*application='EcoexploreApi'*/[0m
  [1m[35m (2.3ms)[0m  [1m[35mDROP TABLE "ecosystems" /*application='EcoexploreApi'*/[0m
  [1m[36mActiveRecord::SchemaMigration Destroy (0.2ms)[0m  [1m[31mDELETE FROM "schema_migrations" WHERE "schema_migrations"."version" = '20250811181716' /*application='EcoexploreApi'*/[0m
  [1m[36mTRANSACTION (2.1ms)[0m  [1m[35mCOMMIT /*application='EcoexploreApi'*/[0m
Migrating to CreateSightingStates (20250811181422)
  [1m[36mTRANSACTION (0.1ms)[0m  [1m[35mBEGIN /*application='EcoexploreApi'*/[0m
  [1m[35m (2.2ms)[0m  [1m[35mDROP TABLE "sighting_states" /*application='EcoexploreApi'*/[0m
  [1m[36mActiveRecord::SchemaMigration Destroy (0.2ms)[0m  [1m[31mDELETE FROM "schema_migrations" WHERE "schema_migrations"."version" = '20250811181422' /*application='EcoexploreApi'*/[0m
  [1m[36mTRANSACTION (2.5ms)[0m  [1m[35mCOMMIT /*application='EcoexploreApi'*/[0m
Migrating to AddRoleToUser (20250811180534)
  [1m[36mTRANSACTION (0.1ms)[0m  [1m[35mBEGIN /*application='EcoexploreApi'*/[0m
  [1m[35m (1.9ms)[0m  [1m[35mALTER TABLE "users" DROP COLUMN "role" /*application='EcoexploreApi'*/[0m
  [1m[36mActiveRecord::SchemaMigration Destroy (0.2ms)[0m  [1m[31mDELETE FROM "schema_migrations" WHERE "schema_migrations"."version" = '20250811180534' /*application='EcoexploreApi'*/[0m
  [1m[36mTRANSACTION (0.2ms)[0m  [1m[35mCOMMIT /*application='EcoexploreApi'*/[0m
Migrating to AddPointsToUser (20250811180417)
  [1m[36mTRANSACTION (0.1ms)[0m  [1m[35mBEGIN /*application='EcoexploreApi'*/[0m
  [1m[35m (1.9ms)[0m  [1m[35mALTER TABLE "users" DROP COLUMN "points" /*application='EcoexploreApi'*/[0m
  [1m[36mActiveRecord::SchemaMigration Destroy (0.2ms)[0m  [1m[31mDELETE FROM "schema_migrations" WHERE "schema_migrations"."version" = '20250811180417' /*application='EcoexploreApi'*/[0m
  [1m[36mTRANSACTION (0.3ms)[0m  [1m[35mCOMMIT /*application='EcoexploreApi'*/[0m
Migrating to CreateUsers (20250811174329)
  [1m[36mTRANSACTION (0.2ms)[0m  [1m[35mBEGIN /*application='EcoexploreApi'*/[0m
  [1m[36mTRANSACTION (0.1ms)[0m  [1m[31mROLLBACK /*application='EcoexploreApi'*/[0m
  [1m[35m (0.2ms)[0m  [1m[34mSELECT pg_advisory_unlock(6037356068423077650) /*application='EcoexploreApi'*/[0m
[dotenv] Set [36mDATABASE_PASSWORD[0m, [36mDATABASE_PORT[0m, and [36mDATABASE_USERNAME[0m
[dotenv] Loaded [33m.env[0m
  [1m[36mActiveRecord::SchemaMigration Load (1.3ms)[0m  [1m[34mSELECT "schema_migrations"."version" FROM "schema_migrations" ORDER BY "schema_migrations"."version" ASC /*application='EcoexploreApi'*/[0m
  [1m[36mActiveRecord::SchemaMigration Load (0.2ms)[0m  [1m[34mSELECT "schema_migrations"."version" FROM "schema_migrations" ORDER BY "schema_migrations"."version" ASC /*application='EcoexploreApi'*/[0m
  [1m[36mActiveRecord::SchemaMigration Load (0.2ms)[0m  [1m[34mSELECT "schema_migrations"."version" FROM "schema_migrations" ORDER BY "schema_migrations"."version" ASC /*application='EcoexploreApi'*/[0m
  [1m[35m (0.2ms)[0m  [1m[34mSELECT pg_try_advisory_lock(6037356068423077650) /*application='EcoexploreApi'*/[0m
  [1m[36mActiveRecord::SchemaMigration Load (0.2ms)[0m  [1m[34mSELECT "schema_migrations"."version" FROM "schema_migrations" ORDER BY "schema_migrations"."version" ASC /*application='EcoexploreApi'*/[0m
Migrating to CreateUsers (20250811174329)
  [1m[36mTRANSACTION (0.2ms)[0m  [1m[35mBEGIN /*application='EcoexploreApi'*/[0m
  [1m[36mTRANSACTION (0.1ms)[0m  [1m[31mROLLBACK /*application='EcoexploreApi'*/[0m
  [1m[35m (0.2ms)[0m  [1m[34mSELECT pg_advisory_unlock(6037356068423077650) /*application='EcoexploreApi'*/[0m
[dotenv] Set [36mDATABASE_PASSWORD[0m, [36mDATABASE_PORT[0m, and [36mDATABASE_USERNAME[0m
[dotenv] Loaded [33m.env[0m
  [1m[35m (0.2ms)[0m  [1m[34mSELECT pg_try_advisory_lock(6037356068423077650) /*application='EcoexploreApi'*/[0m
  [1m[36mActiveRecord::SchemaMigration Load (1.4ms)[0m  [1m[34mSELECT "schema_migrations"."version" FROM "schema_migrations" ORDER BY "schema_migrations"."version" ASC /*application='EcoexploreApi'*/[0m
  [1m[36mActiveRecord::InternalMetadata Load (1.1ms)[0m  [1m[34mSELECT * FROM "ar_internal_metadata" WHERE "ar_internal_metadata"."key" = 'environment' ORDER BY "ar_internal_metadata"."key" ASC LIMIT 1 /*application='EcoexploreApi'*/[0m
Migrating to AddPointsToUser (20250811180417)
  [1m[36mTRANSACTION (0.1ms)[0m  [1m[35mBEGIN /*application='EcoexploreApi'*/[0m
  [1m[35m (2.8ms)[0m  [1m[35mALTER TABLE "users" ADD "points" integer /*application='EcoexploreApi'*/[0m
  [1m[36mActiveRecord::SchemaMigration Create (0.3ms)[0m  [1m[32mINSERT INTO "schema_migrations" ("version") VALUES ('20250811180417') RETURNING "version" /*application='EcoexploreApi'*/[0m
  [1m[36mTRANSACTION (0.6ms)[0m  [1m[35mCOMMIT /*application='EcoexploreApi'*/[0m
Migrating to AddRoleToUser (20250811180534)
  [1m[36mTRANSACTION (0.1ms)[0m  [1m[35mBEGIN /*application='EcoexploreApi'*/[0m
  [1m[35m (1.8ms)[0m  [1m[35mALTER TABLE "users" ADD "role" character varying /*application='EcoexploreApi'*/[0m
  [1m[36mActiveRecord::SchemaMigration Create (0.2ms)[0m  [1m[32mINSERT INTO "schema_migrations" ("version") VALUES ('20250811180534') RETURNING "version" /*application='EcoexploreApi'*/[0m
  [1m[36mTRANSACTION (0.2ms)[0m  [1m[35mCOMMIT /*application='EcoexploreApi'*/[0m
Migrating to CreateSightingStates (20250811181422)
  [1m[36mTRANSACTION (0.1ms)[0m  [1m[35mBEGIN /*application='EcoexploreApi'*/[0m
  [1m[35m (7.2ms)[0m  [1m[35mCREATE TABLE "sighting_states" ("id" bigserial primary key, "name" character varying, "code" integer, "created_at" timestamp(6) NOT NULL, "updated_at" timestamp(6) NOT NULL) /*application='EcoexploreApi'*/[0m
  [1m[36mActiveRecord::SchemaMigration Create (0.2ms)[0m  [1m[32mINSERT INTO "schema_migrations" ("version") VALUES ('20250811181422') RETURNING "version" /*application='EcoexploreApi'*/[0m
  [1m[36mTRANSACTION (0.5ms)[0m  [1m[35mCOMMIT /*application='EcoexploreApi'*/[0m
Migrating to CreateEcosystems (20250811181716)
  [1m[36mTRANSACTION (0.2ms)[0m  [1m[35mBEGIN /*application='EcoexploreApi'*/[0m
  [1m[35m (5.1ms)[0m  [1m[35mCREATE TABLE "ecosystems" ("id" bigserial primary key, "name" character varying, "description" character varying, "created_at" timestamp(6) NOT NULL, "updated_at" timestamp(6) NOT NULL) /*application='EcoexploreApi'*/[0m
  [1m[36mActiveRecord::SchemaMigration Create (0.3ms)[0m  [1m[32mINSERT INTO "schema_migrations" ("version") VALUES ('20250811181716') RETURNING "version" /*application='EcoexploreApi'*/[0m
  [1m[36mTRANSACTION (0.4ms)[0m  [1m[35mCOMMIT /*application='EcoexploreApi'*/[0m
Migrating to CreateLocations (20250811181742)
  [1m[36mTRANSACTION (0.2ms)[0m  [1m[35mBEGIN /*application='EcoexploreApi'*/[0m
  [1m[35m (5.6ms)[0m  [1m[35mCREATE TABLE "locations" ("id" bigserial primary key, "name" character varying, "coordinates" character varying, "created_at" timestamp(6) NOT NULL, "updated_at" timestamp(6) NOT NULL) /*application='EcoexploreApi'*/[0m
  [1m[36mActiveRecord::SchemaMigration Create (0.2ms)[0m  [1m[32mINSERT INTO "schema_migrations" ("version") VALUES ('20250811181742') RETURNING "version" /*application='EcoexploreApi'*/[0m
  [1m[36mTRANSACTION (0.3ms)[0m  [1m[35mCOMMIT /*application='EcoexploreApi'*/[0m
Migrating to CreateSightings (20250811182725)
  [1m[36mTRANSACTION (0.2ms)[0m  [1m[35mBEGIN /*application='EcoexploreApi'*/[0m
  [1m[35m (6.1ms)[0m  [1m[35mCREATE TABLE "sightings" ("id" uuid DEFAULT gen_random_uuid() NOT NULL PRIMARY KEY, "user_id" uuid NOT NULL, "ecosystem_id" bigint NOT NULL, "location_id" bigint NOT NULL, "sighting_state_id" bigint NOT NULL, "description" character varying, "created_at" timestamp(6) NOT NULL, "updated_at" timestamp(6) NOT NULL, CONSTRAINT "fk_rails_23b73508c9"
FOREIGN KEY ("user_id")
  REFERENCES "users" ("id")
, CONSTRAINT "fk_rails_22298afc30"
FOREIGN KEY ("ecosystem_id")
  REFERENCES "ecosystems" ("id")
, CONSTRAINT "fk_rails_2915c3aa31"
FOREIGN KEY ("location_id")
  REFERENCES "locations" ("id")
, CONSTRAINT "fk_rails_de2ce44b6d"
FOREIGN KEY ("sighting_state_id")
  REFERENCES "sighting_states" ("id")
) /*application='EcoexploreApi'*/[0m
  [1m[35m (0.9ms)[0m  [1m[35mCREATE INDEX "index_sightings_on_user_id" ON "sightings" ("user_id") /*application='EcoexploreApi'*/[0m
  [1m[35m (0.8ms)[0m  [1m[35mCREATE INDEX "index_sightings_on_ecosystem_id" ON "sightings" ("ecosystem_id") /*application='EcoexploreApi'*/[0m
  [1m[35m (0.9ms)[0m  [1m[35mCREATE INDEX "index_sightings_on_location_id" ON "sightings" ("location_id") /*application='EcoexploreApi'*/[0m
  [1m[35m (0.9ms)[0m  [1m[35mCREATE INDEX "index_sightings_on_sighting_state_id" ON "sightings" ("sighting_state_id") /*application='EcoexploreApi'*/[0m
  [1m[36mActiveRecord::SchemaMigration Create (0.2ms)[0m  [1m[32mINSERT INTO "schema_migrations" ("version") VALUES ('20250811182725') RETURNING "version" /*application='EcoexploreApi'*/[0m
  [1m[36mTRANSACTION (0.5ms)[0m  [1m[35mCOMMIT /*application='EcoexploreApi'*/[0m
Migrating to AddPasswordDigestToUsers (20250811194845)
  [1m[36mTRANSACTION (0.1ms)[0m  [1m[35mBEGIN /*application='EcoexploreApi'*/[0m
  [1m[35m (1.9ms)[0m  [1m[35mALTER TABLE "users" ADD "password_digest" character varying /*application='EcoexploreApi'*/[0m
  [1m[36mActiveRecord::SchemaMigration Create (0.2ms)[0m  [1m[32mINSERT INTO "schema_migrations" ("version") VALUES ('20250811194845') RETURNING "version" /*application='EcoexploreApi'*/[0m
  [1m[36mTRANSACTION (0.2ms)[0m  [1m[35mCOMMIT /*application='EcoexploreApi'*/[0m
Migrating to RemovePasswordFromUsers (20250811195348)
  [1m[36mTRANSACTION (0.1ms)[0m  [1m[35mBEGIN /*application='EcoexploreApi'*/[0m
  [1m[35m (1.9ms)[0m  [1m[35mALTER TABLE "users" DROP COLUMN "password" /*application='EcoexploreApi'*/[0m
  [1m[36mActiveRecord::SchemaMigration Create (0.2ms)[0m  [1m[32mINSERT INTO "schema_migrations" ("version") VALUES ('20250811195348') RETURNING "version" /*application='EcoexploreApi'*/[0m
  [1m[36mTRANSACTION (0.3ms)[0m  [1m[35mCOMMIT /*application='EcoexploreApi'*/[0m
  [1m[35m (0.2ms)[0m  [1m[34mSELECT pg_advisory_unlock(6037356068423077650) /*application='EcoexploreApi'*/[0m
  [1m[36mActiveRecord::SchemaMigration Load (0.2ms)[0m  [1m[34mSELECT "schema_migrations"."version" FROM "schema_migrations" ORDER BY "schema_migrations"."version" ASC /*application='EcoexploreApi'*/[0m
[dotenv] Set [36mDATABASE_PASSWORD[0m, [36mDATABASE_PORT[0m, and [36mDATABASE_USERNAME[0m
[dotenv] Loaded [33m.env[0m
Started POST "/auth/register" for ::1 at 2025-08-11 15:47:56 -0500
  [1m[36mActiveRecord::SchemaMigration Load (1.5ms)[0m  [1m[34mSELECT "schema_migrations"."version" FROM "schema_migrations" ORDER BY "schema_migrations"."version" ASC /*application='EcoexploreApi'*/[0m
Processing by AuthController#register as */*
  Parameters: {"name" => "Juan Perez", "email" => "[FILTERED]", "password" => "[FILTERED]", "role" => "user", "auth" => {"name" => "Juan Perez", "email" => "[FILTERED]", "password" => "[FILTERED]", "role" => "user"}}
[31mUnpermitted parameter: :auth. Context: { controller: AuthController, action: register, request: #<ActionDispatch::Request:0x00000127e9fa5b60>, params: {"name" => "Juan Perez", "email" => "[FILTERED]", "password" => "[FILTERED]", "role" => "user", "controller" => "auth", "action" => "register", "auth" => {"name" => "Juan Perez", "email" => "[FILTERED]", "password" => "[FILTERED]", "role" => "user"}} }[0m
Completed 500 Internal Server Error in 140ms (ActiveRecord: 15.8ms (0 queries, 0 cached) | GC: 0.0ms)


  
ActiveModel::UnknownAttributeError (unknown attribute 'name' for User.)
Caused by: NoMethodError (undefined method 'name=' for an instance of User)

Information for: ActiveModel::UnknownAttributeError (unknown attribute 'name' for User.):
  
app/controllers/auth_controller.rb:5:in 'AuthController#register'

Information for cause: NoMethodError (undefined method 'name=' for an instance of User):
  
app/controllers/auth_controller.rb:5:in 'AuthController#register'
[dotenv] Set [36mDATABASE_PASSWORD[0m, [36mDATABASE_PORT[0m, and [36mDATABASE_USERNAME[0m
[dotenv] Loaded [33m.env[0m
[dotenv] Set [36mDATABASE_PASSWORD[0m, [36mDATABASE_PORT[0m, and [36mDATABASE_USERNAME[0m
[dotenv] Loaded [33m.env[0m
  [1m[35m (0.2ms)[0m  [1m[34mSELECT pg_try_advisory_lock(6037356068423077650) /*application='EcoexploreApi'*/[0m
  [1m[36mActiveRecord::SchemaMigration Load (1.2ms)[0m  [1m[34mSELECT "schema_migrations"."version" FROM "schema_migrations" ORDER BY "schema_migrations"."version" ASC /*application='EcoexploreApi'*/[0m
  [1m[36mActiveRecord::InternalMetadata Load (1.1ms)[0m  [1m[34mSELECT * FROM "ar_internal_metadata" WHERE "ar_internal_metadata"."key" = 'environment' ORDER BY "ar_internal_metadata"."key" ASC LIMIT 1 /*application='EcoexploreApi'*/[0m
Migrating to FixUserColumns (20250811204914)
  [1m[36mTRANSACTION (0.2ms)[0m  [1m[35mBEGIN /*application='EcoexploreApi'*/[0m
  [1m[35m (3.2ms)[0m  [1m[35mALTER TABLE "users" ADD "name" character varying /*application='EcoexploreApi'*/[0m
  [1m[35m (1.4ms)[0m  [1m[35mALTER TABLE "users" ADD "active" boolean DEFAULT TRUE /*application='EcoexploreApi'*/[0m
  [1m[35m (0.8ms)[0m  [1m[33m          UPDATE users 
          SET name = CONCAT(COALESCE(first_name, ''), ' ', COALESCE(last_name, ''))
          WHERE first_name IS NOT NULL OR last_name IS NOT NULL;
 /*application='EcoexploreApi'*/[0m
  [1m[35m (0.5ms)[0m  [1m[35mALTER TABLE "users" DROP COLUMN "first_name" /*application='EcoexploreApi'*/[0m
  [1m[35m (0.2ms)[0m  [1m[35mALTER TABLE "users" DROP COLUMN "last_name" /*application='EcoexploreApi'*/[0m
  [1m[35m (0.2ms)[0m  [1m[35mALTER TABLE "users" ALTER COLUMN "name" SET NOT NULL /*application='EcoexploreApi'*/[0m
  [1m[35m (2.1ms)[0m  [1m[35mCREATE UNIQUE INDEX IF NOT EXISTS "index_users_on_email" ON "users" ("email") /*application='EcoexploreApi'*/[0m
  [1m[36mActiveRecord::SchemaMigration Create (0.3ms)[0m  [1m[32mINSERT INTO "schema_migrations" ("version") VALUES ('20250811204914') RETURNING "version" /*application='EcoexploreApi'*/[0m
  [1m[36mTRANSACTION (1.3ms)[0m  [1m[35mCOMMIT /*application='EcoexploreApi'*/[0m
  [1m[35m (0.2ms)[0m  [1m[34mSELECT pg_advisory_unlock(6037356068423077650) /*application='EcoexploreApi'*/[0m
  [1m[36mActiveRecord::SchemaMigration Load (0.2ms)[0m  [1m[34mSELECT "schema_migrations"."version" FROM "schema_migrations" ORDER BY "schema_migrations"."version" ASC /*application='EcoexploreApi'*/[0m
[dotenv] Set [36mDATABASE_PASSWORD[0m, [36mDATABASE_PORT[0m, and [36mDATABASE_USERNAME[0m
[dotenv] Loaded [33m.env[0m
Started POST "/auth/register" for ::1 at 2025-08-11 15:50:42 -0500
  [1m[36mActiveRecord::SchemaMigration Load (1.3ms)[0m  [1m[34mSELECT "schema_migrations"."version" FROM "schema_migrations" ORDER BY "schema_migrations"."version" ASC /*application='EcoexploreApi'*/[0m
Processing by AuthController#register as */*
  Parameters: {"name" => "Juan Perez", "email" => "[FILTERED]", "password" => "[FILTERED]", "role" => "user", "auth" => {"name" => "Juan Perez", "email" => "[FILTERED]", "password" => "[FILTERED]", "role" => "user"}}
[31mUnpermitted parameter: :auth. Context: { controller: AuthController, action: register, request: #<ActionDispatch::Request:0x00000234705cd400>, params: {"name" => "Juan Perez", "email" => "[FILTERED]", "password" => "[FILTERED]", "role" => "user", "controller" => "auth", "action" => "register", "auth" => {"name" => "Juan Perez", "email" => "[FILTERED]", "password" => "[FILTERED]", "role" => "user"}} }[0m
  [1m[36mTRANSACTION (0.2ms)[0m  [1m[35mBEGIN /*action='register',application='EcoexploreApi',controller='auth'*/[0m
  ↳ app/controllers/auth_controller.rb:8:in 'AuthController#register'
  [1m[36mUser Exists? (3.3ms)[0m  [1m[34mSELECT 1 AS one FROM "users" WHERE "users"."email" = 'juan@example.com' LIMIT 1 /*action='register',application='EcoexploreApi',controller='auth'*/[0m
  ↳ app/controllers/auth_controller.rb:8:in 'AuthController#register'
  [1m[36mUser Create (0.7ms)[0m  [1m[32mINSERT INTO "users" ("email", "created_at", "updated_at", "points", "role", "password_digest", "name", "active") VALUES ('juan@example.com', '2025-08-11 20:50:43.248659', '2025-08-11 20:50:43.248659', NULL, 'user', '$2a$12$jadx6rOQYN9YlAyzFjndhe/oqMiaVWjJrlaXxLUyfe6HNwlM36cLi', 'Juan Perez', TRUE) RETURNING "id" /*action='register',application='EcoexploreApi',controller='auth'*/[0m
  ↳ app/controllers/auth_controller.rb:8:in 'AuthController#register'
  [1m[36mTRANSACTION (0.8ms)[0m  [1m[35mCOMMIT /*action='register',application='EcoexploreApi',controller='auth'*/[0m
  ↳ app/controllers/auth_controller.rb:8:in 'AuthController#register'
  [1m[36mUser Load (0.4ms)[0m  [1m[34mSELECT "users".* FROM "users" WHERE "users"."email" = 'juan@example.com' LIMIT 1 /*action='register',application='EcoexploreApi',controller='auth'*/[0m
  ↳ app/services/AuthService.rb:5:in 'AuthService.authenticate'
Completed 201 Created in 654ms (Views: 0.2ms | ActiveRecord: 21.2ms (3 queries, 0 cached) | GC: 0.0ms)


