[dotenv] Set [36mDATABASE_PASSWORD[0m, [36mDATABASE_USERNAME[0m, and [36mDATABASE_PORT[0m
[dotenv] Loaded [33m.env[0m
  [1m[35m (0.2ms)[0m  [1m[34mSELECT pg_try_advisory_lock(6037356068423077650) /*application='EcoexploreApi'*/[0m
  [1m[36mActiveRecord::SchemaMigration Load (1.9ms)[0m  [1m[34mSELECT "schema_migrations"."version" FROM "schema_migrations" ORDER BY "schema_migrations"."version" ASC /*application='EcoexploreApi'*/[0m
  [1m[36mActiveRecord::InternalMetadata Load (1.4ms)[0m  [1m[34mSELECT * FROM "ar_internal_metadata" WHERE "ar_internal_metadata"."key" = 'environment' ORDER BY "ar_internal_metadata"."key" ASC LIMIT 1 /*application='EcoexploreApi'*/[0m
Migrating to AddPasswordDigestToUsers (20250811194845)
  [1m[36mTRANSACTION (0.2ms)[0m  [1m[35mBEGIN /*application='EcoexploreApi'*/[0m
  [1m[35m (2.3ms)[0m  [1m[35mALTER TABLE "users" ADD "password_digest" character varying /*application='EcoexploreApi'*/[0m
  [1m[36mActiveRecord::SchemaMigration Create (0.5ms)[0m  [1m[32mINSERT INTO "schema_migrations" ("version") VALUES ('20250811194845') RETURNING "version" /*application='EcoexploreApi'*/[0m
  [1m[36mTRANSACTION (1.1ms)[0m  [1m[35mCOMMIT /*application='EcoexploreApi'*/[0m
Migrating to CreateTypeSpecies (20250811195000)
  [1m[36mTRANSACTION (0.2ms)[0m  [1m[35mBEGIN /*application='EcoexploreApi'*/[0m
  [1m[35m (6.6ms)[0m  [1m[35mCREATE TABLE "type_species" ("id" bigserial primary key, "name" character varying(10) NOT NULL, "code" character varying(10) NOT NULL, "created_at" timestamp(6) NOT NULL, "updated_at" timestamp(6) NOT NULL) /*application='EcoexploreApi'*/[0m
  [1m[35m (0.8ms)[0m  [1m[35mCREATE UNIQUE INDEX "index_type_species_on_code" ON "type_species" ("code") /*application='EcoexploreApi'*/[0m
  [1m[35m (1.6ms)[0m  [1m[35mCREATE UNIQUE INDEX "index_type_species_on_name" ON "type_species" ("name") /*application='EcoexploreApi'*/[0m
  [1m[36mActiveRecord::SchemaMigration Create (0.3ms)[0m  [1m[32mINSERT INTO "schema_migrations" ("version") VALUES ('20250811195000') RETURNING "version" /*application='EcoexploreApi'*/[0m
  [1m[36mTRANSACTION (0.7ms)[0m  [1m[35mCOMMIT /*application='EcoexploreApi'*/[0m
Migrating to CreateSpecies (20250811195100)
  [1m[36mTRANSACTION (0.6ms)[0m  [1m[35mBEGIN /*application='EcoexploreApi'*/[0m
  [1m[35m (6.9ms)[0m  [1m[35mCREATE TABLE "species" ("id" bigserial primary key, "type_specie_id" bigint NOT NULL, "name" character varying(40) NOT NULL, "created_at" timestamp(6) NOT NULL, "updated_at" timestamp(6) NOT NULL, CONSTRAINT "fk_rails_0308b844ee"
FOREIGN KEY ("type_specie_id")
  REFERENCES "type_species" ("id")
) /*application='EcoexploreApi'*/[0m
  [1m[35m (2.2ms)[0m  [1m[35mCREATE INDEX "index_species_on_type_specie_id" ON "species" ("type_specie_id") /*application='EcoexploreApi'*/[0m
  [1m[35m (2.1ms)[0m  [1m[35mCREATE UNIQUE INDEX "index_species_on_type_specie_id_and_name" ON "species" ("type_specie_id", "name") /*application='EcoexploreApi'*/[0m
  [1m[36mActiveRecord::SchemaMigration Create (0.4ms)[0m  [1m[32mINSERT INTO "schema_migrations" ("version") VALUES ('20250811195100') RETURNING "version" /*application='EcoexploreApi'*/[0m
  [1m[36mTRANSACTION (0.7ms)[0m  [1m[35mCOMMIT /*application='EcoexploreApi'*/[0m
Migrating to RemovePasswordFromUsers (20250811195348)
  [1m[36mTRANSACTION (0.4ms)[0m  [1m[35mBEGIN /*application='EcoexploreApi'*/[0m
  [1m[35m (2.3ms)[0m  [1m[35mALTER TABLE "users" DROP COLUMN "password" /*application='EcoexploreApi'*/[0m
  [1m[36mActiveRecord::SchemaMigration Create (0.5ms)[0m  [1m[32mINSERT INTO "schema_migrations" ("version") VALUES ('20250811195348') RETURNING "version" /*application='EcoexploreApi'*/[0m
  [1m[36mTRANSACTION (0.3ms)[0m  [1m[35mCOMMIT /*application='EcoexploreApi'*/[0m
Migrating to FixUserColumns (20250811204914)
  [1m[36mTRANSACTION (0.1ms)[0m  [1m[35mBEGIN /*application='EcoexploreApi'*/[0m
  [1m[35m (1.1ms)[0m  [1m[35mALTER TABLE "users" ADD "name" character varying /*application='EcoexploreApi'*/[0m
  [1m[35m (0.5ms)[0m  [1m[35mALTER TABLE "users" ADD "active" boolean DEFAULT TRUE /*application='EcoexploreApi'*/[0m
  [1m[35m (1.9ms)[0m  [1m[33m          UPDATE users 
          SET name = CONCAT(COALESCE(first_name, ''), ' ', COALESCE(last_name, ''))
          WHERE first_name IS NOT NULL OR last_name IS NOT NULL;
 /*application='EcoexploreApi'*/[0m
  [1m[35m (0.6ms)[0m  [1m[35mALTER TABLE "users" DROP COLUMN "first_name" /*application='EcoexploreApi'*/[0m
  [1m[35m (0.3ms)[0m  [1m[35mALTER TABLE "users" DROP COLUMN "last_name" /*application='EcoexploreApi'*/[0m
  [1m[35m (0.2ms)[0m  [1m[35mALTER TABLE "users" ALTER COLUMN "name" SET NOT NULL /*application='EcoexploreApi'*/[0m
  [1m[35m (1.3ms)[0m  [1m[35mCREATE UNIQUE INDEX IF NOT EXISTS "index_users_on_email" ON "users" ("email") /*application='EcoexploreApi'*/[0m
  [1m[36mActiveRecord::SchemaMigration Create (0.5ms)[0m  [1m[32mINSERT INTO "schema_migrations" ("version") VALUES ('20250811204914') RETURNING "version" /*application='EcoexploreApi'*/[0m
  [1m[36mTRANSACTION (0.2ms)[0m  [1m[35mCOMMIT /*application='EcoexploreApi'*/[0m
  [1m[35m (0.1ms)[0m  [1m[34mSELECT pg_advisory_unlock(6037356068423077650) /*application='EcoexploreApi'*/[0m
  [1m[36mActiveRecord::SchemaMigration Load (0.2ms)[0m  [1m[34mSELECT "schema_migrations"."version" FROM "schema_migrations" ORDER BY "schema_migrations"."version" ASC /*application='EcoexploreApi'*/[0m
[dotenv] Set [36mDATABASE_PASSWORD[0m, [36mDATABASE_USERNAME[0m, and [36mDATABASE_PORT[0m
[dotenv] Loaded [33m.env[0m
  [1m[35m (0.2ms)[0m  [1m[34mSELECT pg_try_advisory_lock(6037356068423077650) /*application='EcoexploreApi'*/[0m
  [1m[36mActiveRecord::SchemaMigration Load (1.9ms)[0m  [1m[34mSELECT "schema_migrations"."version" FROM "schema_migrations" ORDER BY "schema_migrations"."version" ASC /*application='EcoexploreApi'*/[0m
  [1m[36mActiveRecord::InternalMetadata Load (1.1ms)[0m  [1m[34mSELECT * FROM "ar_internal_metadata" WHERE "ar_internal_metadata"."key" = 'environment' ORDER BY "ar_internal_metadata"."key" ASC LIMIT 1 /*application='EcoexploreApi'*/[0m
  [1m[35m (0.2ms)[0m  [1m[34mSELECT pg_advisory_unlock(6037356068423077650) /*application='EcoexploreApi'*/[0m
  [1m[36mActiveRecord::SchemaMigration Load (0.3ms)[0m  [1m[34mSELECT "schema_migrations"."version" FROM "schema_migrations" ORDER BY "schema_migrations"."version" ASC /*application='EcoexploreApi'*/[0m
[dotenv] Set [36mDATABASE_PASSWORD[0m, [36mDATABASE_USERNAME[0m, and [36mDATABASE_PORT[0m
[dotenv] Loaded [33m.env[0m
  [1m[35m (0.2ms)[0m  [1m[34mSELECT pg_try_advisory_lock(6037356068423077650) /*application='EcoexploreApi'*/[0m
  [1m[36mActiveRecord::SchemaMigration Load (1.5ms)[0m  [1m[34mSELECT "schema_migrations"."version" FROM "schema_migrations" ORDER BY "schema_migrations"."version" ASC /*application='EcoexploreApi'*/[0m
  [1m[36mActiveRecord::InternalMetadata Load (0.9ms)[0m  [1m[34mSELECT * FROM "ar_internal_metadata" WHERE "ar_internal_metadata"."key" = 'environment' ORDER BY "ar_internal_metadata"."key" ASC LIMIT 1 /*application='EcoexploreApi'*/[0m
Migrating to SeedTypeSpecies (20250811200500)
  [1m[36mTRANSACTION (0.1ms)[0m  [1m[35mBEGIN /*application='EcoexploreApi'*/[0m
  [1m[36mSeedTypeSpecies::TypeSpeciesRecord Load (1.1ms)[0m  [1m[34mSELECT "type_species".* FROM "type_species" WHERE "type_species"."code" = 'NATIVE' LIMIT 1 /*application='EcoexploreApi'*/[0m
  [1m[36mSeedTypeSpecies::TypeSpeciesRecord Create (3.3ms)[0m  [1m[32mINSERT INTO "type_species" ("name", "code", "created_at", "updated_at") VALUES ('native', 'NATIVE', '2025-08-11 21:26:48.459963', '2025-08-11 21:26:48.459963') RETURNING "id" /*application='EcoexploreApi'*/[0m
  [1m[36mSeedTypeSpecies::TypeSpeciesRecord Load (0.4ms)[0m  [1m[34mSELECT "type_species".* FROM "type_species" WHERE "type_species"."code" = 'INVASE' LIMIT 1 /*application='EcoexploreApi'*/[0m
  [1m[36mSeedTypeSpecies::TypeSpeciesRecord Create (0.3ms)[0m  [1m[32mINSERT INTO "type_species" ("name", "code", "created_at", "updated_at") VALUES ('invase', 'INVASE', '2025-08-11 21:26:48.468716', '2025-08-11 21:26:48.468716') RETURNING "id" /*application='EcoexploreApi'*/[0m
  [1m[36mActiveRecord::SchemaMigration Create (0.2ms)[0m  [1m[32mINSERT INTO "schema_migrations" ("version") VALUES ('20250811200500') RETURNING "version" /*application='EcoexploreApi'*/[0m
  [1m[36mTRANSACTION (0.7ms)[0m  [1m[35mCOMMIT /*application='EcoexploreApi'*/[0m
  [1m[35m (0.2ms)[0m  [1m[34mSELECT pg_advisory_unlock(6037356068423077650) /*application='EcoexploreApi'*/[0m
  [1m[36mActiveRecord::SchemaMigration Load (0.3ms)[0m  [1m[34mSELECT "schema_migrations"."version" FROM "schema_migrations" ORDER BY "schema_migrations"."version" ASC /*application='EcoexploreApi'*/[0m
[dotenv] Set [36mDATABASE_PASSWORD[0m, [36mDATABASE_USERNAME[0m, and [36mDATABASE_PORT[0m
[dotenv] Loaded [33m.env[0m
Started GET "/auth/register" for 127.0.0.1 at 2025-08-11 19:05:12 -0500
  [1m[36mActiveRecord::SchemaMigration Load (2.5ms)[0m  [1m[34mSELECT "schema_migrations"."version" FROM "schema_migrations" ORDER BY "schema_migrations"."version" ASC /*application='EcoexploreApi'*/[0m
  
ActionController::RoutingError (No route matches [GET] "/auth/register"):
  
Started GET "/apple-touch-icon-precomposed.png" for ::1 at 2025-08-11 19:05:59 -0500
Started GET "/favicon.ico" for ::1 at 2025-08-11 19:05:59 -0500
Started GET "/apple-touch-icon.png" for ::1 at 2025-08-11 19:05:59 -0500
  
ActionController::RoutingError (No route matches [GET] "/favicon.ico"):
  
  
ActionController::RoutingError (No route matches [GET] "/apple-touch-icon-precomposed.png"):
  
  
ActionController::RoutingError (No route matches [GET] "/apple-touch-icon.png"):
  
Started GET "/auth/register" for ::1 at 2025-08-11 19:05:59 -0500
  
ActionController::RoutingError (No route matches [GET] "/auth/register"):
  
Started POST "/auth/register" for 127.0.0.1 at 2025-08-11 19:07:46 -0500
Processing by AuthController#register as */*
  Parameters: {"name" => "Diego", "email" => "[FILTERED]", "password" => "[FILTERED]", "role" => "member", "auth" => {"name" => "Diego", "email" => "[FILTERED]", "password" => "[FILTERED]", "role" => "member"}}
[31mUnpermitted parameter: :auth. Context: { controller: AuthController, action: register, request: #<ActionDispatch::Request:0x000000012e3deda0>, params: {"name" => "Diego", "email" => "[FILTERED]", "password" => "[FILTERED]", "role" => "member", "controller" => "auth", "action" => "register", "auth" => {"name" => "Diego", "email" => "[FILTERED]", "password" => "[FILTERED]", "role" => "member"}} }[0m
  [1m[36mTRANSACTION (0.4ms)[0m  [1m[35mBEGIN /*action='register',application='EcoexploreApi',controller='auth'*/[0m
  ↳ app/controllers/auth_controller.rb:8:in 'AuthController#register'
  [1m[36mUser Exists? (4.6ms)[0m  [1m[34mSELECT 1 AS one FROM "users" WHERE "users"."email" = 'diegoflo703@gmail.com' LIMIT 1 /*action='register',application='EcoexploreApi',controller='auth'*/[0m
  ↳ app/controllers/auth_controller.rb:8:in 'AuthController#register'
  [1m[36mUser Create (3.2ms)[0m  [1m[32mINSERT INTO "users" ("email", "created_at", "updated_at", "points", "role", "password_digest", "name", "active") VALUES ('diegoflo703@gmail.com', '2025-08-12 00:07:47.138857', '2025-08-12 00:07:47.138857', NULL, 'member', '$2a$12$rlEEYgW3yl66DIdr5u1PGOiu2rz7D6JkKosNFsIzzqdBFiPzA3s/u', 'Diego', TRUE) RETURNING "id" /*action='register',application='EcoexploreApi',controller='auth'*/[0m
  ↳ app/controllers/auth_controller.rb:8:in 'AuthController#register'
  [1m[36mTRANSACTION (1.4ms)[0m  [1m[35mCOMMIT /*action='register',application='EcoexploreApi',controller='auth'*/[0m
  ↳ app/controllers/auth_controller.rb:8:in 'AuthController#register'
  [1m[36mUser Load (0.4ms)[0m  [1m[34mSELECT "users".* FROM "users" WHERE "users"."email" = 'diegoflo703@gmail.com' LIMIT 1 /*action='register',application='EcoexploreApi',controller='auth'*/[0m
  ↳ app/services/AuthService.rb:5:in 'AuthService.authenticate'
Completed 201 Created in 675ms (Views: 0.2ms | ActiveRecord: 42.8ms (3 queries, 0 cached) | GC: 0.4ms)


Started POST "/sightings" for 127.0.0.1 at 2025-08-11 19:09:13 -0500
Processing by SightingsController#create as */*
  Parameters: {"ecosystem_id" => 6, "location_name" => "Río Cauca", "coordinates" => "5.0675,-75.517", "sighting_state_code" => "PENDING", "description" => "Nutria vista en la ribera", "sighting" => {"ecosystem_id" => 6, "description" => "Nutria vista en la ribera"}}
Filter chain halted as :authenticate_request rendered or redirected
Completed 401 Unauthorized in 1ms (Views: 0.1ms | ActiveRecord: 2.9ms (0 queries, 0 cached) | GC: 0.0ms)


Started POST "/sightings" for 127.0.0.1 at 2025-08-11 19:10:56 -0500
Processing by SightingsController#create as */*
  Parameters: {"ecosystem_id" => 6, "location_name" => "Río Cauca", "coordinates" => "5.0675,-75.517", "sighting_state_code" => "PENDING", "description" => "Nutria vista en la ribera", "sighting" => {"ecosystem_id" => 6, "description" => "Nutria vista en la ribera"}}
  [1m[36mUser Load (2.5ms)[0m  [1m[34mSELECT "users".* FROM "users" WHERE "users"."id" = '095016ef-acb4-4753-b70f-6a970ed3aa1e' LIMIT 1 /*action='create',application='EcoexploreApi',controller='sightings'*/[0m
  ↳ app/services/AuthService.rb:33:in 'AuthService.current_user'
[31mUnpermitted parameter: :sighting. Context: { controller: SightingsController, action: create, request: #<ActionDispatch::Request:0x000000011faaf328>, params: {"ecosystem_id" => 6, "location_name" => "Río Cauca", "coordinates" => "5.0675,-75.517", "sighting_state_code" => "PENDING", "description" => "Nutria vista en la ribera", "controller" => "sightings", "action" => "create", "sighting" => {"ecosystem_id" => 6, "description" => "Nutria vista en la ribera"}} }[0m
  [1m[36mTRANSACTION (0.8ms)[0m  [1m[35mBEGIN /*action='create',application='EcoexploreApi',controller='sightings'*/[0m
  ↳ app/services/sighting_service.rb:37:in 'SightingService.resolve_state'
  [1m[36mSightingState Load (2.4ms)[0m  [1m[34mSELECT "sighting_states".* FROM "sighting_states" WHERE "sighting_states"."code" = 'PENDING' LIMIT 1 /*action='create',application='EcoexploreApi',controller='sightings'*/[0m
  ↳ app/services/sighting_service.rb:37:in 'SightingService.resolve_state'
  [1m[36mEcosystem Load (1.4ms)[0m  [1m[34mSELECT "ecosystems".* FROM "ecosystems" WHERE "ecosystems"."id" = 6 LIMIT 1 /*action='create',application='EcoexploreApi',controller='sightings'*/[0m
  ↳ app/services/sighting_service.rb:7:in 'block in SightingService.create'
  [1m[36mLocation Load (0.9ms)[0m  [1m[34mSELECT "locations".* FROM "locations" WHERE "locations"."name" = 'Río Cauca' AND "locations"."coordinates" = '5.0675,-75.517' LIMIT 1 /*action='create',application='EcoexploreApi',controller='sightings'*/[0m
  ↳ app/services/sighting_service.rb:48:in 'SightingService.find_or_create_location'
  [1m[36mTRANSACTION (0.2ms)[0m  [1m[35mSAVEPOINT active_record_1 /*action='create',application='EcoexploreApi',controller='sightings'*/[0m
  ↳ app/services/sighting_service.rb:48:in 'SightingService.find_or_create_location'
  [1m[36mLocation Create (2.3ms)[0m  [1m[32mINSERT INTO "locations" ("name", "coordinates", "created_at", "updated_at") VALUES ('Río Cauca', '5.0675,-75.517', '2025-08-12 00:10:56.677130', '2025-08-12 00:10:56.677130') RETURNING "id" /*action='create',application='EcoexploreApi',controller='sightings'*/[0m
  ↳ app/services/sighting_service.rb:48:in 'SightingService.find_or_create_location'
  [1m[36mTRANSACTION (0.4ms)[0m  [1m[35mRELEASE SAVEPOINT active_record_1 /*action='create',application='EcoexploreApi',controller='sightings'*/[0m
  ↳ app/services/sighting_service.rb:48:in 'SightingService.find_or_create_location'
  [1m[36mSighting Create (7.0ms)[0m  [1m[32mINSERT INTO "sightings" ("user_id", "ecosystem_id", "location_id", "sighting_state_id", "description", "created_at", "updated_at") VALUES ('095016ef-acb4-4753-b70f-6a970ed3aa1e', 6, 1, 1, 'Nutria vista en la ribera', '2025-08-12 00:10:56.710336', '2025-08-12 00:10:56.710336') RETURNING "id" /*action='create',application='EcoexploreApi',controller='sightings'*/[0m
  ↳ app/services/sighting_service.rb:21:in 'block in SightingService.create'
  [1m[36mTRANSACTION (0.5ms)[0m  [1m[35mCOMMIT /*action='create',application='EcoexploreApi',controller='sightings'*/[0m
  ↳ app/services/sighting_service.rb:5:in 'SightingService.create'
Completed 201 Created in 144ms (Views: 0.9ms | ActiveRecord: 36.9ms (6 queries, 0 cached) | GC: 6.7ms)


[dotenv] Set [36mDATABASE_PASSWORD[0m, [36mDATABASE_USERNAME[0m, and [36mDATABASE_PORT[0m
[dotenv] Loaded [33m.env[0m
Started POST "/auth/login" for 127.0.0.1 at 2025-08-11 19:30:34 -0500
  [1m[36mActiveRecord::SchemaMigration Load (1.7ms)[0m  [1m[34mSELECT "schema_migrations"."version" FROM "schema_migrations" ORDER BY "schema_migrations"."version" ASC /*application='EcoexploreApi'*/[0m
Error occurred while parsing request parameters.
Contents:

{
  "email": "diegoflo703@gmail.com",
  "password": "password123",
}
Processing by AuthController#login as */*
Completed 400 Bad Request in 1ms (ActiveRecord: 0.0ms (0 queries, 0 cached) | GC: 0.0ms)


  
ActionDispatch::Http::Parameters::ParseError (Error occurred while parsing request parameters)
Caused by: JSON::ParserError (expected object key, got: '}' at line 3 column 1)

Information for: ActionDispatch::Http::Parameters::ParseError (Error occurred while parsing request parameters):
  
app/controllers/auth_controller.rb:21:in 'AuthController#login'

Information for cause: JSON::ParserError (expected object key, got: '}' at line 3 column 1):
  
app/controllers/auth_controller.rb:21:in 'AuthController#login'
Started GET "/auth/login" for 127.0.0.1 at 2025-08-11 19:30:40 -0500
  
ActionController::RoutingError (No route matches [GET] "/auth/login"):
  
Error occurred while parsing request parameters.
Contents:

{
  "email": "diegoflo703@gmail.com",
  "password": "password123",
}
Started GET "/auth/login" for 127.0.0.1 at 2025-08-11 19:30:46 -0500
  
ActionController::RoutingError (No route matches [GET] "/auth/login"):
  
Started GET "/auth/login/" for 127.0.0.1 at 2025-08-11 19:30:52 -0500
  
ActionController::RoutingError (No route matches [GET] "/auth/login"):
  
Started POST "/auth/login" for 127.0.0.1 at 2025-08-11 19:31:19 -0500
Processing by AuthController#login as */*
  Parameters: {"email" => "[FILTERED]", "password" => "[FILTERED]", "auth" => {"email" => "[FILTERED]", "password" => "[FILTERED]"}}
  [1m[36mUser Load (2.1ms)[0m  [1m[34mSELECT "users".* FROM "users" WHERE "users"."email" = 'diegoflo703@gmail.com' LIMIT 1 /*action='login',application='EcoexploreApi',controller='auth'*/[0m
  ↳ app/services/AuthService.rb:5:in 'AuthService.authenticate'
Completed 200 OK in 366ms (Views: 0.2ms | ActiveRecord: 24.8ms (1 query, 0 cached) | GC: 0.0ms)


Started GET "/sightings" for 127.0.0.1 at 2025-08-11 19:32:17 -0500
Processing by SightingsController#index as */*
  [1m[36mUser Load (1.1ms)[0m  [1m[34mSELECT "users".* FROM "users" WHERE "users"."id" = '095016ef-acb4-4753-b70f-6a970ed3aa1e' LIMIT 1 /*action='index',application='EcoexploreApi',controller='sightings'*/[0m
  ↳ app/services/AuthService.rb:33:in 'AuthService.current_user'
  [1m[36mSighting Load (1.6ms)[0m  [1m[34mSELECT "sightings".* FROM "sightings" ORDER BY "sightings"."created_at" DESC /*action='index',application='EcoexploreApi',controller='sightings'*/[0m
  ↳ app/controllers/sightings_controller.rb:5:in 'Enumerable#map'
  [1m[36mSightingState Load (1.9ms)[0m  [1m[34mSELECT "sighting_states".* FROM "sighting_states" WHERE "sighting_states"."id" = 1 /*action='index',application='EcoexploreApi',controller='sightings'*/[0m
  ↳ app/controllers/sightings_controller.rb:5:in 'Enumerable#map'
  [1m[36mLocation Load (1.2ms)[0m  [1m[34mSELECT "locations".* FROM "locations" WHERE "locations"."id" = 1 /*action='index',application='EcoexploreApi',controller='sightings'*/[0m
  ↳ app/controllers/sightings_controller.rb:5:in 'Enumerable#map'
Completed 200 OK in 102ms (Views: 3.7ms | ActiveRecord: 18.9ms (4 queries, 0 cached) | GC: 19.8ms)


Started POST "/sightings" for 127.0.0.1 at 2025-08-11 19:34:28 -0500
Processing by SightingsController#create as */*
  Parameters: {"ecosystem_id" => 6, "location_name" => "Río Cauca", "coordinates" => "5.0675,-75.517", "sighting_state_code" => "PENDING", "description" => "Nutria vista en la ribera", "sighting" => {"ecosystem_id" => 6, "description" => "Nutria vista en la ribera"}}
  [1m[36mUser Load (1.2ms)[0m  [1m[34mSELECT "users".* FROM "users" WHERE "users"."id" = '095016ef-acb4-4753-b70f-6a970ed3aa1e' LIMIT 1 /*action='create',application='EcoexploreApi',controller='sightings'*/[0m
  ↳ app/services/AuthService.rb:33:in 'AuthService.current_user'
[31mUnpermitted parameter: :sighting. Context: { controller: SightingsController, action: create, request: #<ActionDispatch::Request:0x0000000121fb8660>, params: {"ecosystem_id" => 6, "location_name" => "Río Cauca", "coordinates" => "5.0675,-75.517", "sighting_state_code" => "PENDING", "description" => "Nutria vista en la ribera", "controller" => "sightings", "action" => "create", "sighting" => {"ecosystem_id" => 6, "description" => "Nutria vista en la ribera"}} }[0m
  [1m[36mTRANSACTION (0.3ms)[0m  [1m[35mBEGIN /*action='create',application='EcoexploreApi',controller='sightings'*/[0m
  ↳ app/services/sighting_service.rb:37:in 'SightingService.resolve_state'
  [1m[36mSightingState Load (1.5ms)[0m  [1m[34mSELECT "sighting_states".* FROM "sighting_states" WHERE "sighting_states"."code" = 'PENDING' LIMIT 1 /*action='create',application='EcoexploreApi',controller='sightings'*/[0m
  ↳ app/services/sighting_service.rb:37:in 'SightingService.resolve_state'
  [1m[36mEcosystem Load (1.4ms)[0m  [1m[34mSELECT "ecosystems".* FROM "ecosystems" WHERE "ecosystems"."id" = 6 LIMIT 1 /*action='create',application='EcoexploreApi',controller='sightings'*/[0m
  ↳ app/services/sighting_service.rb:7:in 'block in SightingService.create'
  [1m[36mLocation Load (0.4ms)[0m  [1m[34mSELECT "locations".* FROM "locations" WHERE "locations"."name" = 'Río Cauca' AND "locations"."coordinates" = '5.0675,-75.517' LIMIT 1 /*action='create',application='EcoexploreApi',controller='sightings'*/[0m
  ↳ app/services/sighting_service.rb:48:in 'SightingService.find_or_create_location'
  [1m[36mSighting Create (3.1ms)[0m  [1m[32mINSERT INTO "sightings" ("user_id", "ecosystem_id", "location_id", "sighting_state_id", "description", "created_at", "updated_at") VALUES ('095016ef-acb4-4753-b70f-6a970ed3aa1e', 6, 1, 1, 'Nutria vista en la ribera', '2025-08-12 00:34:28.985907', '2025-08-12 00:34:28.985907') RETURNING "id" /*action='create',application='EcoexploreApi',controller='sightings'*/[0m
  ↳ app/services/sighting_service.rb:21:in 'block in SightingService.create'
  [1m[36mTRANSACTION (0.9ms)[0m  [1m[35mCOMMIT /*action='create',application='EcoexploreApi',controller='sightings'*/[0m
  ↳ app/services/sighting_service.rb:5:in 'SightingService.create'
Completed 201 Created in 82ms (Views: 0.1ms | ActiveRecord: 12.5ms (5 queries, 0 cached) | GC: 3.5ms)


Started GET "/sightings" for 127.0.0.1 at 2025-08-11 19:34:32 -0500
Processing by SightingsController#index as */*
  [1m[36mUser Load (1.4ms)[0m  [1m[34mSELECT "users".* FROM "users" WHERE "users"."id" = '095016ef-acb4-4753-b70f-6a970ed3aa1e' LIMIT 1 /*action='index',application='EcoexploreApi',controller='sightings'*/[0m
  ↳ app/services/AuthService.rb:33:in 'AuthService.current_user'
  [1m[36mSighting Load (0.6ms)[0m  [1m[34mSELECT "sightings".* FROM "sightings" ORDER BY "sightings"."created_at" DESC /*action='index',application='EcoexploreApi',controller='sightings'*/[0m
  ↳ app/controllers/sightings_controller.rb:5:in 'Enumerable#map'
  [1m[36mSightingState Load (0.5ms)[0m  [1m[34mSELECT "sighting_states".* FROM "sighting_states" WHERE "sighting_states"."id" = 1 /*action='index',application='EcoexploreApi',controller='sightings'*/[0m
  ↳ app/controllers/sightings_controller.rb:5:in 'Enumerable#map'
  [1m[36mLocation Load (0.4ms)[0m  [1m[34mSELECT "locations".* FROM "locations" WHERE "locations"."id" = 1 /*action='index',application='EcoexploreApi',controller='sightings'*/[0m
  ↳ app/controllers/sightings_controller.rb:5:in 'Enumerable#map'
Completed 200 OK in 22ms (Views: 0.4ms | ActiveRecord: 2.7ms (4 queries, 0 cached) | GC: 2.2ms)


[dotenv] Set [36mDATABASE_PASSWORD[0m, [36mDATABASE_USERNAME[0m, and [36mDATABASE_PORT[0m
[dotenv] Loaded [33m.env[0m
[dotenv] Set [36mDATABASE_PASSWORD[0m, [36mDATABASE_USERNAME[0m, and [36mDATABASE_PORT[0m
[dotenv] Loaded [33m.env[0m
Started POST "/auth/login" for 127.0.0.1 at 2025-08-11 22:28:04 -0500
  [1m[36mActiveRecord::SchemaMigration Load (2.8ms)[0m  [1m[34mSELECT "schema_migrations"."version" FROM "schema_migrations" ORDER BY "schema_migrations"."version" ASC /*application='EcoexploreApi'*/[0m
Processing by AuthController#login as */*
  Parameters: {"email" => "[FILTERED]", "password" => "[FILTERED]", "auth" => {"email" => "[FILTERED]", "password" => "[FILTERED]"}}
  [1m[36mUser Load (2.3ms)[0m  [1m[34mSELECT "users".* FROM "users" WHERE "users"."email" = 'diegoflo703@gmail.com' LIMIT 1 /*action='login',application='EcoexploreApi',controller='auth'*/[0m
  ↳ app/services/AuthService.rb:5:in 'AuthService.authenticate'
Completed 200 OK in 330ms (Views: 0.2ms | ActiveRecord: 32.3ms (1 query, 0 cached) | GC: 0.0ms)


Started POST "/sightings" for 127.0.0.1 at 2025-08-11 22:33:12 -0500
Processing by SightingsController#create as */*
  Parameters: {"ecosystem_id" => 6, "location_name" => "Río Guayas", "coordinates" => "5.0675,-75.517", "sighting_state_code" => "PENDING", "description" => "Cocodrilo ubicado en la orilla", "sighting" => {"ecosystem_id" => 6, "description" => "Cocodrilo ubicado en la orilla"}}
  [1m[36mUser Load (4.3ms)[0m  [1m[34mSELECT "users".* FROM "users" WHERE "users"."id" = '095016ef-acb4-4753-b70f-6a970ed3aa1e' LIMIT 1 /*action='create',application='EcoexploreApi',controller='sightings'*/[0m
  ↳ app/services/AuthService.rb:33:in 'AuthService.current_user'
[31mUnpermitted parameter: :sighting. Context: { controller: SightingsController, action: create, request: #<ActionDispatch::Request:0x0000000123154068>, params: {"ecosystem_id" => 6, "location_name" => "Río Guayas", "coordinates" => "5.0675,-75.517", "sighting_state_code" => "PENDING", "description" => "Cocodrilo ubicado en la orilla", "controller" => "sightings", "action" => "create", "sighting" => {"ecosystem_id" => 6, "description" => "Cocodrilo ubicado en la orilla"}} }[0m
  [1m[36mTRANSACTION (0.3ms)[0m  [1m[35mBEGIN /*action='create',application='EcoexploreApi',controller='sightings'*/[0m
  ↳ app/services/sighting_service.rb:37:in 'SightingService.resolve_state'
  [1m[36mSightingState Load (4.1ms)[0m  [1m[34mSELECT "sighting_states".* FROM "sighting_states" WHERE "sighting_states"."code" = 'PENDING' LIMIT 1 /*action='create',application='EcoexploreApi',controller='sightings'*/[0m
  ↳ app/services/sighting_service.rb:37:in 'SightingService.resolve_state'
  [1m[36mEcosystem Load (2.5ms)[0m  [1m[34mSELECT "ecosystems".* FROM "ecosystems" WHERE "ecosystems"."id" = 6 LIMIT 1 /*action='create',application='EcoexploreApi',controller='sightings'*/[0m
  ↳ app/services/sighting_service.rb:7:in 'block in SightingService.create'
  [1m[36mLocation Load (2.2ms)[0m  [1m[34mSELECT "locations".* FROM "locations" WHERE "locations"."name" = 'Río Guayas' AND "locations"."coordinates" = '5.0675,-75.517' LIMIT 1 /*action='create',application='EcoexploreApi',controller='sightings'*/[0m
  ↳ app/services/sighting_service.rb:48:in 'SightingService.find_or_create_location'
  [1m[36mTRANSACTION (0.2ms)[0m  [1m[35mSAVEPOINT active_record_1 /*action='create',application='EcoexploreApi',controller='sightings'*/[0m
  ↳ app/services/sighting_service.rb:48:in 'SightingService.find_or_create_location'
  [1m[36mLocation Create (3.7ms)[0m  [1m[32mINSERT INTO "locations" ("name", "coordinates", "created_at", "updated_at") VALUES ('Río Guayas', '5.0675,-75.517', '2025-08-12 03:33:12.818351', '2025-08-12 03:33:12.818351') RETURNING "id" /*action='create',application='EcoexploreApi',controller='sightings'*/[0m
  ↳ app/services/sighting_service.rb:48:in 'SightingService.find_or_create_location'
  [1m[36mTRANSACTION (0.5ms)[0m  [1m[35mRELEASE SAVEPOINT active_record_1 /*action='create',application='EcoexploreApi',controller='sightings'*/[0m
  ↳ app/services/sighting_service.rb:48:in 'SightingService.find_or_create_location'
  [1m[36mSighting Create (5.7ms)[0m  [1m[32mINSERT INTO "sightings" ("user_id", "ecosystem_id", "location_id", "sighting_state_id", "description", "created_at", "updated_at") VALUES ('095016ef-acb4-4753-b70f-6a970ed3aa1e', 6, 2, 1, 'Cocodrilo ubicado en la orilla', '2025-08-12 03:33:12.849211', '2025-08-12 03:33:12.849211') RETURNING "id" /*action='create',application='EcoexploreApi',controller='sightings'*/[0m
  ↳ app/services/sighting_service.rb:21:in 'block in SightingService.create'
  [1m[36mTRANSACTION (1.4ms)[0m  [1m[35mCOMMIT /*action='create',application='EcoexploreApi',controller='sightings'*/[0m
  ↳ app/services/sighting_service.rb:5:in 'SightingService.create'
Completed 201 Created in 129ms (Views: 0.2ms | ActiveRecord: 44.0ms (6 queries, 0 cached) | GC: 0.0ms)


Started GET "/apple-touch-icon-precomposed.png" for ::1 at 2025-08-11 22:43:11 -0500
Started GET "/apple-touch-icon.png" for ::1 at 2025-08-11 22:43:11 -0500
Started GET "/favicon.ico" for ::1 at 2025-08-11 22:43:11 -0500
  
ActionController::RoutingError (No route matches [GET] "/apple-touch-icon.png"):
  
  
ActionController::RoutingError (No route matches [GET] "/apple-touch-icon-precomposed.png"):
  
  
ActionController::RoutingError (No route matches [GET] "/favicon.ico"):
  
Started GET "/auth/register" for ::1 at 2025-08-11 22:43:11 -0500
  
ActionController::RoutingError (No route matches [GET] "/auth/register"):
  
Started POST "/auth/login" for 127.0.0.1 at 2025-08-11 22:55:03 -0500
Processing by AuthController#login as */*
  Parameters: {"email" => "[FILTERED]", "password" => "[FILTERED]", "auth" => {"email" => "[FILTERED]", "password" => "[FILTERED]"}}
  [1m[36mUser Load (4.0ms)[0m  [1m[34mSELECT "users".* FROM "users" WHERE "users"."email" = 'diegoflo703@gmail.com' LIMIT 1 /*action='login',application='EcoexploreApi',controller='auth'*/[0m
  ↳ app/services/AuthService.rb:5:in 'AuthService.authenticate'
Completed 200 OK in 327ms (Views: 0.3ms | ActiveRecord: 15.9ms (1 query, 0 cached) | GC: 0.0ms)


Started PUT "/sightings/:3da87414-b8be-42a9-8827-dee703f8e6d0" for 127.0.0.1 at 2025-08-11 22:55:33 -0500
Processing by SightingsController#update as */*
  Parameters: {"sighting_state_code" => "ACCEPTED", "id" => ":3da87414-b8be-42a9-8827-dee703f8e6d0", "sighting" => {}}
  [1m[36mUser Load (1.6ms)[0m  [1m[34mSELECT "users".* FROM "users" WHERE "users"."id" = '095016ef-acb4-4753-b70f-6a970ed3aa1e' LIMIT 1 /*action='update',application='EcoexploreApi',controller='sightings'*/[0m
  ↳ app/services/AuthService.rb:33:in 'AuthService.current_user'
[31mUnpermitted parameters: :id, :sighting. Context: { controller: SightingsController, action: update, request: #<ActionDispatch::Request:0x0000000123158c08>, params: {"sighting_state_code" => "ACCEPTED", "controller" => "sightings", "action" => "update", "id" => ":3da87414-b8be-42a9-8827-dee703f8e6d0", "sighting" => {}} }[0m
Completed 401 Unauthorized in 10ms (Views: 0.4ms | ActiveRecord: 1.6ms (1 query, 0 cached) | GC: 0.0ms)


Started POST "/auth/register" for 127.0.0.1 at 2025-08-11 22:57:32 -0500
Processing by AuthController#register as */*
  Parameters: {"name" => "Alex Vizuete", "email" => "[FILTERED]", "password" => "[FILTERED]", "role" => "admin", "auth" => {"name" => "Alex Vizuete", "email" => "[FILTERED]", "password" => "[FILTERED]", "role" => "admin"}}
[31mUnpermitted parameter: :auth. Context: { controller: AuthController, action: register, request: #<ActionDispatch::Request:0x0000000122f7e928>, params: {"name" => "Alex Vizuete", "email" => "[FILTERED]", "password" => "[FILTERED]", "role" => "admin", "controller" => "auth", "action" => "register", "auth" => {"name" => "Alex Vizuete", "email" => "[FILTERED]", "password" => "[FILTERED]", "role" => "admin"}} }[0m
  [1m[36mTRANSACTION (0.4ms)[0m  [1m[35mBEGIN /*action='register',application='EcoexploreApi',controller='auth'*/[0m
  ↳ app/controllers/auth_controller.rb:8:in 'AuthController#register'
  [1m[36mUser Exists? (2.4ms)[0m  [1m[34mSELECT 1 AS one FROM "users" WHERE "users"."email" = 'alex10@gmail.com' LIMIT 1 /*action='register',application='EcoexploreApi',controller='auth'*/[0m
  ↳ app/controllers/auth_controller.rb:8:in 'AuthController#register'
  [1m[36mUser Create (3.3ms)[0m  [1m[32mINSERT INTO "users" ("email", "created_at", "updated_at", "points", "role", "password_digest", "name", "active") VALUES ('alex10@gmail.com', '2025-08-12 03:57:32.894904', '2025-08-12 03:57:32.894904', NULL, 'admin', '$2a$12$mpl8r7rdkN9j.J4e.RvER.PkssQN/Fw8tLht0ckDKmFREI2oBkway', 'Alex Vizuete', TRUE) RETURNING "id" /*action='register',application='EcoexploreApi',controller='auth'*/[0m
  ↳ app/controllers/auth_controller.rb:8:in 'AuthController#register'
  [1m[36mTRANSACTION (1.6ms)[0m  [1m[35mCOMMIT /*action='register',application='EcoexploreApi',controller='auth'*/[0m
  ↳ app/controllers/auth_controller.rb:8:in 'AuthController#register'
  [1m[36mUser Load (0.3ms)[0m  [1m[34mSELECT "users".* FROM "users" WHERE "users"."email" = 'alex10@gmail.com' LIMIT 1 /*action='register',application='EcoexploreApi',controller='auth'*/[0m
  ↳ app/services/AuthService.rb:5:in 'AuthService.authenticate'
Completed 201 Created in 416ms (Views: 0.3ms | ActiveRecord: 8.0ms (3 queries, 0 cached) | GC: 0.0ms)


Started PUT "/sightings/:3da87414-b8be-42a9-8827-dee703f8e6d0" for 127.0.0.1 at 2025-08-11 22:57:46 -0500
Processing by SightingsController#update as */*
  Parameters: {"sighting_state_code" => "ACCEPTED", "id" => ":3da87414-b8be-42a9-8827-dee703f8e6d0", "sighting" => {}}
  [1m[36mUser Load (0.4ms)[0m  [1m[34mSELECT "users".* FROM "users" WHERE "users"."id" = '090ea43a-7487-4795-b2fd-b0d81ffd8d69' LIMIT 1 /*action='update',application='EcoexploreApi',controller='sightings'*/[0m
  ↳ app/services/AuthService.rb:33:in 'AuthService.current_user'
[31mUnpermitted parameters: :id, :sighting. Context: { controller: SightingsController, action: update, request: #<ActionDispatch::Request:0x000000011fb16230>, params: {"sighting_state_code" => "ACCEPTED", "controller" => "sightings", "action" => "update", "id" => ":3da87414-b8be-42a9-8827-dee703f8e6d0", "sighting" => {}} }[0m
  [1m[36mTRANSACTION (0.2ms)[0m  [1m[35mBEGIN /*action='update',application='EcoexploreApi',controller='sightings'*/[0m
  ↳ app/services/sighting_service.rb:38:in 'block in SightingService.update_state'
  [1m[36mSighting Load (1.8ms)[0m  [1m[34mSELECT "sightings".* FROM "sightings" WHERE "sightings"."id" = NULL LIMIT 1 /*action='update',application='EcoexploreApi',controller='sightings'*/[0m
  ↳ app/services/sighting_service.rb:38:in 'block in SightingService.update_state'
  [1m[36mTRANSACTION (0.7ms)[0m  [1m[31mROLLBACK /*action='update',application='EcoexploreApi',controller='sightings'*/[0m
  ↳ app/services/sighting_service.rb:37:in 'SightingService.update_state'
Completed 422 Unprocessable Content in 8ms (Views: 0.1ms | ActiveRecord: 3.0ms (2 queries, 0 cached) | GC: 0.0ms)


Started PUT "/sightings/3da87414-b8be-42a9-8827-dee703f8e6d0" for 127.0.0.1 at 2025-08-11 22:57:52 -0500
Processing by SightingsController#update as */*
  Parameters: {"sighting_state_code" => "ACCEPTED", "id" => "3da87414-b8be-42a9-8827-dee703f8e6d0", "sighting" => {}}
  [1m[36mUser Load (0.8ms)[0m  [1m[34mSELECT "users".* FROM "users" WHERE "users"."id" = '090ea43a-7487-4795-b2fd-b0d81ffd8d69' LIMIT 1 /*action='update',application='EcoexploreApi',controller='sightings'*/[0m
  ↳ app/services/AuthService.rb:33:in 'AuthService.current_user'
[31mUnpermitted parameters: :id, :sighting. Context: { controller: SightingsController, action: update, request: #<ActionDispatch::Request:0x000000011f8dd360>, params: {"sighting_state_code" => "ACCEPTED", "controller" => "sightings", "action" => "update", "id" => "3da87414-b8be-42a9-8827-dee703f8e6d0", "sighting" => {}} }[0m
  [1m[36mTRANSACTION (0.1ms)[0m  [1m[35mBEGIN /*action='update',application='EcoexploreApi',controller='sightings'*/[0m
  ↳ app/services/sighting_service.rb:38:in 'block in SightingService.update_state'
  [1m[36mSighting Load (0.8ms)[0m  [1m[34mSELECT "sightings".* FROM "sightings" WHERE "sightings"."id" = '3da87414-b8be-42a9-8827-dee703f8e6d0' LIMIT 1 /*action='update',application='EcoexploreApi',controller='sightings'*/[0m
  ↳ app/services/sighting_service.rb:38:in 'block in SightingService.update_state'
  [1m[36mSightingState Load (2.0ms)[0m  [1m[34mSELECT "sighting_states".* FROM "sighting_states" WHERE "sighting_states"."code" = 'ACCEPTED' LIMIT 1 /*action='update',application='EcoexploreApi',controller='sightings'*/[0m
  ↳ app/services/sighting_service.rb:59:in 'SightingService.resolve_state'
  [1m[36mEcosystem Load (1.3ms)[0m  [1m[34mSELECT "ecosystems".* FROM "ecosystems" WHERE "ecosystems"."id" = 6 LIMIT 1 /*action='update',application='EcoexploreApi',controller='sightings'*/[0m
  ↳ app/services/sighting_service.rb:41:in 'block in SightingService.update_state'
  [1m[36mLocation Load (0.5ms)[0m  [1m[34mSELECT "locations".* FROM "locations" WHERE "locations"."id" = 1 LIMIT 1 /*action='update',application='EcoexploreApi',controller='sightings'*/[0m
  ↳ app/services/sighting_service.rb:41:in 'block in SightingService.update_state'
  [1m[36mSighting Update (4.8ms)[0m  [1m[33mUPDATE "sightings" SET "sighting_state_id" = 2, "updated_at" = '2025-08-12 03:57:52.661291' WHERE "sightings"."id" = '3da87414-b8be-42a9-8827-dee703f8e6d0' /*action='update',application='EcoexploreApi',controller='sightings'*/[0m
  ↳ app/services/sighting_service.rb:41:in 'block in SightingService.update_state'
  [1m[36mTRANSACTION (0.7ms)[0m  [1m[35mCOMMIT /*action='update',application='EcoexploreApi',controller='sightings'*/[0m
  ↳ app/services/sighting_service.rb:37:in 'SightingService.update_state'
Completed 200 OK in 71ms (Views: 4.1ms | ActiveRecord: 11.2ms (6 queries, 0 cached) | GC: 6.1ms)


Started GET "/sightings" for 127.0.0.1 at 2025-08-11 23:03:05 -0500
  
AbstractController::ActionNotFound (The action 'index' could not be found for SightingsController):
  
actionpack (8.0.2) lib/abstract_controller/base.rb:158:in 'AbstractController::Base#process'
actionview (8.0.2) lib/action_view/rendering.rb:40:in 'ActionView::Rendering#process'
actionpack (8.0.2) lib/action_controller/metal.rb:252:in 'ActionController::Metal#dispatch'
actionpack (8.0.2) lib/action_controller/metal.rb:335:in 'ActionController::Metal.dispatch'
actionpack (8.0.2) lib/action_dispatch/routing/route_set.rb:67:in 'ActionDispatch::Routing::RouteSet::Dispatcher#dispatch'
actionpack (8.0.2) lib/action_dispatch/routing/route_set.rb:50:in 'ActionDispatch::Routing::RouteSet::Dispatcher#serve'
actionpack (8.0.2) lib/action_dispatch/journey/router.rb:53:in 'block in ActionDispatch::Journey::Router#serve'
actionpack (8.0.2) lib/action_dispatch/journey/router.rb:133:in 'block in ActionDispatch::Journey::Router#find_routes'
actionpack (8.0.2) lib/action_dispatch/journey/router.rb:126:in 'Array#each'
actionpack (8.0.2) lib/action_dispatch/journey/router.rb:126:in 'ActionDispatch::Journey::Router#find_routes'
actionpack (8.0.2) lib/action_dispatch/journey/router.rb:34:in 'ActionDispatch::Journey::Router#serve'
actionpack (8.0.2) lib/action_dispatch/routing/route_set.rb:908:in 'ActionDispatch::Routing::RouteSet#call'
railties (8.0.2) lib/rails/engine/lazy_route_set.rb:68:in 'Rails::Engine::LazyRouteSet#call'
rack (3.2.0) lib/rack/etag.rb:29:in 'Rack::ETag#call'
rack (3.2.0) lib/rack/conditional_get.rb:31:in 'Rack::ConditionalGet#call'
rack (3.2.0) lib/rack/head.rb:15:in 'Rack::Head#call'
activerecord (8.0.2) lib/active_record/migration.rb:671:in 'ActiveRecord::Migration::CheckPending#call'
actionpack (8.0.2) lib/action_dispatch/middleware/callbacks.rb:31:in 'block in ActionDispatch::Callbacks#call'
activesupport (8.0.2) lib/active_support/callbacks.rb:100:in 'ActiveSupport::Callbacks#run_callbacks'
actionpack (8.0.2) lib/action_dispatch/middleware/callbacks.rb:30:in 'ActionDispatch::Callbacks#call'
actionpack (8.0.2) lib/action_dispatch/middleware/executor.rb:16:in 'ActionDispatch::Executor#call'
actionpack (8.0.2) lib/action_dispatch/middleware/actionable_exceptions.rb:18:in 'ActionDispatch::ActionableExceptions#call'
actionpack (8.0.2) lib/action_dispatch/middleware/debug_exceptions.rb:31:in 'ActionDispatch::DebugExceptions#call'
web-console (4.2.1) lib/web_console/middleware.rb:132:in 'WebConsole::Middleware#call_app'
web-console (4.2.1) lib/web_console/middleware.rb:28:in 'block in WebConsole::Middleware#call'
web-console (4.2.1) lib/web_console/middleware.rb:17:in 'Kernel#catch'
web-console (4.2.1) lib/web_console/middleware.rb:17:in 'WebConsole::Middleware#call'
actionpack (8.0.2) lib/action_dispatch/middleware/show_exceptions.rb:32:in 'ActionDispatch::ShowExceptions#call'
railties (8.0.2) lib/rails/rack/logger.rb:41:in 'Rails::Rack::Logger#call_app'
railties (8.0.2) lib/rails/rack/logger.rb:29:in 'Rails::Rack::Logger#call'
actionpack (8.0.2) lib/action_dispatch/middleware/remote_ip.rb:96:in 'ActionDispatch::RemoteIp#call'
actionpack (8.0.2) lib/action_dispatch/middleware/request_id.rb:34:in 'ActionDispatch::RequestId#call'
rack (3.2.0) lib/rack/runtime.rb:24:in 'Rack::Runtime#call'
actionpack (8.0.2) lib/action_dispatch/middleware/server_timing.rb:61:in 'block in ActionDispatch::ServerTiming#call'
actionpack (8.0.2) lib/action_dispatch/middleware/server_timing.rb:26:in 'ActionDispatch::ServerTiming::Subscriber#collect_events'
actionpack (8.0.2) lib/action_dispatch/middleware/server_timing.rb:60:in 'ActionDispatch::ServerTiming#call'
actionpack (8.0.2) lib/action_dispatch/middleware/executor.rb:16:in 'ActionDispatch::Executor#call'
actionpack (8.0.2) lib/action_dispatch/middleware/static.rb:27:in 'ActionDispatch::Static#call'
rack (3.2.0) lib/rack/sendfile.rb:114:in 'Rack::Sendfile#call'
actionpack (8.0.2) lib/action_dispatch/middleware/host_authorization.rb:143:in 'ActionDispatch::HostAuthorization#call'
railties (8.0.2) lib/rails/engine.rb:535:in 'Rails::Engine#call'
puma (6.6.1) lib/puma/configuration.rb:279:in 'Puma::Configuration::ConfigMiddleware#call'
puma (6.6.1) lib/puma/request.rb:99:in 'block in Puma::Request#handle_request'
puma (6.6.1) lib/puma/thread_pool.rb:390:in 'Puma::ThreadPool#with_force_shutdown'
puma (6.6.1) lib/puma/request.rb:98:in 'Puma::Request#handle_request'
puma (6.6.1) lib/puma/server.rb:472:in 'Puma::Server#process_client'
puma (6.6.1) lib/puma/server.rb:254:in 'block in Puma::Server#run'
puma (6.6.1) lib/puma/thread_pool.rb:167:in 'block in Puma::ThreadPool#spawn_thread'
Started POST "/auth/login" for 127.0.0.1 at 2025-08-11 23:03:27 -0500
Processing by AuthController#login as */*
  Parameters: {"email" => "[FILTERED]", "password" => "[FILTERED]", "auth" => {"email" => "[FILTERED]", "password" => "[FILTERED]"}}
  [1m[36mUser Load (3.7ms)[0m  [1m[34mSELECT "users".* FROM "users" WHERE "users"."email" = 'diegoflo703@gmail.com' LIMIT 1 /*action='login',application='EcoexploreApi',controller='auth'*/[0m
  ↳ app/services/AuthService.rb:5:in 'AuthService.authenticate'
Completed 200 OK in 467ms (Views: 0.4ms | ActiveRecord: 21.0ms (1 query, 0 cached) | GC: 0.0ms)


Started GET "/sightings" for 127.0.0.1 at 2025-08-11 23:03:38 -0500
  
AbstractController::ActionNotFound (The action 'index' could not be found for SightingsController):
  
actionpack (8.0.2) lib/abstract_controller/base.rb:158:in 'AbstractController::Base#process'
actionview (8.0.2) lib/action_view/rendering.rb:40:in 'ActionView::Rendering#process'
actionpack (8.0.2) lib/action_controller/metal.rb:252:in 'ActionController::Metal#dispatch'
actionpack (8.0.2) lib/action_controller/metal.rb:335:in 'ActionController::Metal.dispatch'
actionpack (8.0.2) lib/action_dispatch/routing/route_set.rb:67:in 'ActionDispatch::Routing::RouteSet::Dispatcher#dispatch'
actionpack (8.0.2) lib/action_dispatch/routing/route_set.rb:50:in 'ActionDispatch::Routing::RouteSet::Dispatcher#serve'
actionpack (8.0.2) lib/action_dispatch/journey/router.rb:53:in 'block in ActionDispatch::Journey::Router#serve'
actionpack (8.0.2) lib/action_dispatch/journey/router.rb:133:in 'block in ActionDispatch::Journey::Router#find_routes'
actionpack (8.0.2) lib/action_dispatch/journey/router.rb:126:in 'Array#each'
actionpack (8.0.2) lib/action_dispatch/journey/router.rb:126:in 'ActionDispatch::Journey::Router#find_routes'
actionpack (8.0.2) lib/action_dispatch/journey/router.rb:34:in 'ActionDispatch::Journey::Router#serve'
actionpack (8.0.2) lib/action_dispatch/routing/route_set.rb:908:in 'ActionDispatch::Routing::RouteSet#call'
railties (8.0.2) lib/rails/engine/lazy_route_set.rb:68:in 'Rails::Engine::LazyRouteSet#call'
rack (3.2.0) lib/rack/etag.rb:29:in 'Rack::ETag#call'
rack (3.2.0) lib/rack/conditional_get.rb:31:in 'Rack::ConditionalGet#call'
rack (3.2.0) lib/rack/head.rb:15:in 'Rack::Head#call'
activerecord (8.0.2) lib/active_record/migration.rb:671:in 'ActiveRecord::Migration::CheckPending#call'
actionpack (8.0.2) lib/action_dispatch/middleware/callbacks.rb:31:in 'block in ActionDispatch::Callbacks#call'
activesupport (8.0.2) lib/active_support/callbacks.rb:100:in 'ActiveSupport::Callbacks#run_callbacks'
actionpack (8.0.2) lib/action_dispatch/middleware/callbacks.rb:30:in 'ActionDispatch::Callbacks#call'
actionpack (8.0.2) lib/action_dispatch/middleware/executor.rb:16:in 'ActionDispatch::Executor#call'
actionpack (8.0.2) lib/action_dispatch/middleware/actionable_exceptions.rb:18:in 'ActionDispatch::ActionableExceptions#call'
actionpack (8.0.2) lib/action_dispatch/middleware/debug_exceptions.rb:31:in 'ActionDispatch::DebugExceptions#call'
web-console (4.2.1) lib/web_console/middleware.rb:132:in 'WebConsole::Middleware#call_app'
web-console (4.2.1) lib/web_console/middleware.rb:28:in 'block in WebConsole::Middleware#call'
web-console (4.2.1) lib/web_console/middleware.rb:17:in 'Kernel#catch'
web-console (4.2.1) lib/web_console/middleware.rb:17:in 'WebConsole::Middleware#call'
actionpack (8.0.2) lib/action_dispatch/middleware/show_exceptions.rb:32:in 'ActionDispatch::ShowExceptions#call'
railties (8.0.2) lib/rails/rack/logger.rb:41:in 'Rails::Rack::Logger#call_app'
railties (8.0.2) lib/rails/rack/logger.rb:29:in 'Rails::Rack::Logger#call'
actionpack (8.0.2) lib/action_dispatch/middleware/remote_ip.rb:96:in 'ActionDispatch::RemoteIp#call'
actionpack (8.0.2) lib/action_dispatch/middleware/request_id.rb:34:in 'ActionDispatch::RequestId#call'
rack (3.2.0) lib/rack/runtime.rb:24:in 'Rack::Runtime#call'
actionpack (8.0.2) lib/action_dispatch/middleware/server_timing.rb:61:in 'block in ActionDispatch::ServerTiming#call'
actionpack (8.0.2) lib/action_dispatch/middleware/server_timing.rb:26:in 'ActionDispatch::ServerTiming::Subscriber#collect_events'
actionpack (8.0.2) lib/action_dispatch/middleware/server_timing.rb:60:in 'ActionDispatch::ServerTiming#call'
actionpack (8.0.2) lib/action_dispatch/middleware/executor.rb:16:in 'ActionDispatch::Executor#call'
actionpack (8.0.2) lib/action_dispatch/middleware/static.rb:27:in 'ActionDispatch::Static#call'
rack (3.2.0) lib/rack/sendfile.rb:114:in 'Rack::Sendfile#call'
actionpack (8.0.2) lib/action_dispatch/middleware/host_authorization.rb:143:in 'ActionDispatch::HostAuthorization#call'
railties (8.0.2) lib/rails/engine.rb:535:in 'Rails::Engine#call'
puma (6.6.1) lib/puma/configuration.rb:279:in 'Puma::Configuration::ConfigMiddleware#call'
puma (6.6.1) lib/puma/request.rb:99:in 'block in Puma::Request#handle_request'
puma (6.6.1) lib/puma/thread_pool.rb:390:in 'Puma::ThreadPool#with_force_shutdown'
puma (6.6.1) lib/puma/request.rb:98:in 'Puma::Request#handle_request'
puma (6.6.1) lib/puma/server.rb:472:in 'Puma::Server#process_client'
puma (6.6.1) lib/puma/server.rb:254:in 'block in Puma::Server#run'
puma (6.6.1) lib/puma/thread_pool.rb:167:in 'block in Puma::ThreadPool#spawn_thread'
Started GET "/sightings" for 127.0.0.1 at 2025-08-11 23:04:19 -0500
  
AbstractController::ActionNotFound (The action 'index' could not be found for SightingsController):
  
actionpack (8.0.2) lib/abstract_controller/base.rb:158:in 'AbstractController::Base#process'
actionview (8.0.2) lib/action_view/rendering.rb:40:in 'ActionView::Rendering#process'
actionpack (8.0.2) lib/action_controller/metal.rb:252:in 'ActionController::Metal#dispatch'
actionpack (8.0.2) lib/action_controller/metal.rb:335:in 'ActionController::Metal.dispatch'
actionpack (8.0.2) lib/action_dispatch/routing/route_set.rb:67:in 'ActionDispatch::Routing::RouteSet::Dispatcher#dispatch'
actionpack (8.0.2) lib/action_dispatch/routing/route_set.rb:50:in 'ActionDispatch::Routing::RouteSet::Dispatcher#serve'
actionpack (8.0.2) lib/action_dispatch/journey/router.rb:53:in 'block in ActionDispatch::Journey::Router#serve'
actionpack (8.0.2) lib/action_dispatch/journey/router.rb:133:in 'block in ActionDispatch::Journey::Router#find_routes'
actionpack (8.0.2) lib/action_dispatch/journey/router.rb:126:in 'Array#each'
actionpack (8.0.2) lib/action_dispatch/journey/router.rb:126:in 'ActionDispatch::Journey::Router#find_routes'
actionpack (8.0.2) lib/action_dispatch/journey/router.rb:34:in 'ActionDispatch::Journey::Router#serve'
actionpack (8.0.2) lib/action_dispatch/routing/route_set.rb:908:in 'ActionDispatch::Routing::RouteSet#call'
railties (8.0.2) lib/rails/engine/lazy_route_set.rb:68:in 'Rails::Engine::LazyRouteSet#call'
rack (3.2.0) lib/rack/etag.rb:29:in 'Rack::ETag#call'
rack (3.2.0) lib/rack/conditional_get.rb:31:in 'Rack::ConditionalGet#call'
rack (3.2.0) lib/rack/head.rb:15:in 'Rack::Head#call'
activerecord (8.0.2) lib/active_record/migration.rb:671:in 'ActiveRecord::Migration::CheckPending#call'
actionpack (8.0.2) lib/action_dispatch/middleware/callbacks.rb:31:in 'block in ActionDispatch::Callbacks#call'
activesupport (8.0.2) lib/active_support/callbacks.rb:100:in 'ActiveSupport::Callbacks#run_callbacks'
actionpack (8.0.2) lib/action_dispatch/middleware/callbacks.rb:30:in 'ActionDispatch::Callbacks#call'
actionpack (8.0.2) lib/action_dispatch/middleware/executor.rb:16:in 'ActionDispatch::Executor#call'
actionpack (8.0.2) lib/action_dispatch/middleware/actionable_exceptions.rb:18:in 'ActionDispatch::ActionableExceptions#call'
actionpack (8.0.2) lib/action_dispatch/middleware/debug_exceptions.rb:31:in 'ActionDispatch::DebugExceptions#call'
web-console (4.2.1) lib/web_console/middleware.rb:132:in 'WebConsole::Middleware#call_app'
web-console (4.2.1) lib/web_console/middleware.rb:28:in 'block in WebConsole::Middleware#call'
web-console (4.2.1) lib/web_console/middleware.rb:17:in 'Kernel#catch'
web-console (4.2.1) lib/web_console/middleware.rb:17:in 'WebConsole::Middleware#call'
actionpack (8.0.2) lib/action_dispatch/middleware/show_exceptions.rb:32:in 'ActionDispatch::ShowExceptions#call'
railties (8.0.2) lib/rails/rack/logger.rb:41:in 'Rails::Rack::Logger#call_app'
railties (8.0.2) lib/rails/rack/logger.rb:29:in 'Rails::Rack::Logger#call'
actionpack (8.0.2) lib/action_dispatch/middleware/remote_ip.rb:96:in 'ActionDispatch::RemoteIp#call'
actionpack (8.0.2) lib/action_dispatch/middleware/request_id.rb:34:in 'ActionDispatch::RequestId#call'
rack (3.2.0) lib/rack/runtime.rb:24:in 'Rack::Runtime#call'
actionpack (8.0.2) lib/action_dispatch/middleware/server_timing.rb:61:in 'block in ActionDispatch::ServerTiming#call'
actionpack (8.0.2) lib/action_dispatch/middleware/server_timing.rb:26:in 'ActionDispatch::ServerTiming::Subscriber#collect_events'
actionpack (8.0.2) lib/action_dispatch/middleware/server_timing.rb:60:in 'ActionDispatch::ServerTiming#call'
actionpack (8.0.2) lib/action_dispatch/middleware/executor.rb:16:in 'ActionDispatch::Executor#call'
actionpack (8.0.2) lib/action_dispatch/middleware/static.rb:27:in 'ActionDispatch::Static#call'
rack (3.2.0) lib/rack/sendfile.rb:114:in 'Rack::Sendfile#call'
actionpack (8.0.2) lib/action_dispatch/middleware/host_authorization.rb:143:in 'ActionDispatch::HostAuthorization#call'
railties (8.0.2) lib/rails/engine.rb:535:in 'Rails::Engine#call'
puma (6.6.1) lib/puma/configuration.rb:279:in 'Puma::Configuration::ConfigMiddleware#call'
puma (6.6.1) lib/puma/request.rb:99:in 'block in Puma::Request#handle_request'
puma (6.6.1) lib/puma/thread_pool.rb:390:in 'Puma::ThreadPool#with_force_shutdown'
puma (6.6.1) lib/puma/request.rb:98:in 'Puma::Request#handle_request'
puma (6.6.1) lib/puma/server.rb:472:in 'Puma::Server#process_client'
puma (6.6.1) lib/puma/server.rb:254:in 'block in Puma::Server#run'
puma (6.6.1) lib/puma/thread_pool.rb:167:in 'block in Puma::ThreadPool#spawn_thread'
Started GET "/sightings/" for 127.0.0.1 at 2025-08-11 23:05:19 -0500
  
AbstractController::ActionNotFound (The action 'index' could not be found for SightingsController):
  
actionpack (8.0.2) lib/abstract_controller/base.rb:158:in 'AbstractController::Base#process'
actionview (8.0.2) lib/action_view/rendering.rb:40:in 'ActionView::Rendering#process'
actionpack (8.0.2) lib/action_controller/metal.rb:252:in 'ActionController::Metal#dispatch'
actionpack (8.0.2) lib/action_controller/metal.rb:335:in 'ActionController::Metal.dispatch'
actionpack (8.0.2) lib/action_dispatch/routing/route_set.rb:67:in 'ActionDispatch::Routing::RouteSet::Dispatcher#dispatch'
actionpack (8.0.2) lib/action_dispatch/routing/route_set.rb:50:in 'ActionDispatch::Routing::RouteSet::Dispatcher#serve'
actionpack (8.0.2) lib/action_dispatch/journey/router.rb:53:in 'block in ActionDispatch::Journey::Router#serve'
actionpack (8.0.2) lib/action_dispatch/journey/router.rb:133:in 'block in ActionDispatch::Journey::Router#find_routes'
actionpack (8.0.2) lib/action_dispatch/journey/router.rb:126:in 'Array#each'
actionpack (8.0.2) lib/action_dispatch/journey/router.rb:126:in 'ActionDispatch::Journey::Router#find_routes'
actionpack (8.0.2) lib/action_dispatch/journey/router.rb:34:in 'ActionDispatch::Journey::Router#serve'
actionpack (8.0.2) lib/action_dispatch/routing/route_set.rb:908:in 'ActionDispatch::Routing::RouteSet#call'
railties (8.0.2) lib/rails/engine/lazy_route_set.rb:68:in 'Rails::Engine::LazyRouteSet#call'
rack (3.2.0) lib/rack/etag.rb:29:in 'Rack::ETag#call'
rack (3.2.0) lib/rack/conditional_get.rb:31:in 'Rack::ConditionalGet#call'
rack (3.2.0) lib/rack/head.rb:15:in 'Rack::Head#call'
activerecord (8.0.2) lib/active_record/migration.rb:671:in 'ActiveRecord::Migration::CheckPending#call'
actionpack (8.0.2) lib/action_dispatch/middleware/callbacks.rb:31:in 'block in ActionDispatch::Callbacks#call'
activesupport (8.0.2) lib/active_support/callbacks.rb:100:in 'ActiveSupport::Callbacks#run_callbacks'
actionpack (8.0.2) lib/action_dispatch/middleware/callbacks.rb:30:in 'ActionDispatch::Callbacks#call'
actionpack (8.0.2) lib/action_dispatch/middleware/executor.rb:16:in 'ActionDispatch::Executor#call'
actionpack (8.0.2) lib/action_dispatch/middleware/actionable_exceptions.rb:18:in 'ActionDispatch::ActionableExceptions#call'
actionpack (8.0.2) lib/action_dispatch/middleware/debug_exceptions.rb:31:in 'ActionDispatch::DebugExceptions#call'
web-console (4.2.1) lib/web_console/middleware.rb:132:in 'WebConsole::Middleware#call_app'
web-console (4.2.1) lib/web_console/middleware.rb:28:in 'block in WebConsole::Middleware#call'
web-console (4.2.1) lib/web_console/middleware.rb:17:in 'Kernel#catch'
web-console (4.2.1) lib/web_console/middleware.rb:17:in 'WebConsole::Middleware#call'
actionpack (8.0.2) lib/action_dispatch/middleware/show_exceptions.rb:32:in 'ActionDispatch::ShowExceptions#call'
railties (8.0.2) lib/rails/rack/logger.rb:41:in 'Rails::Rack::Logger#call_app'
railties (8.0.2) lib/rails/rack/logger.rb:29:in 'Rails::Rack::Logger#call'
actionpack (8.0.2) lib/action_dispatch/middleware/remote_ip.rb:96:in 'ActionDispatch::RemoteIp#call'
actionpack (8.0.2) lib/action_dispatch/middleware/request_id.rb:34:in 'ActionDispatch::RequestId#call'
rack (3.2.0) lib/rack/runtime.rb:24:in 'Rack::Runtime#call'
actionpack (8.0.2) lib/action_dispatch/middleware/server_timing.rb:61:in 'block in ActionDispatch::ServerTiming#call'
actionpack (8.0.2) lib/action_dispatch/middleware/server_timing.rb:26:in 'ActionDispatch::ServerTiming::Subscriber#collect_events'
actionpack (8.0.2) lib/action_dispatch/middleware/server_timing.rb:60:in 'ActionDispatch::ServerTiming#call'
actionpack (8.0.2) lib/action_dispatch/middleware/executor.rb:16:in 'ActionDispatch::Executor#call'
actionpack (8.0.2) lib/action_dispatch/middleware/static.rb:27:in 'ActionDispatch::Static#call'
rack (3.2.0) lib/rack/sendfile.rb:114:in 'Rack::Sendfile#call'
actionpack (8.0.2) lib/action_dispatch/middleware/host_authorization.rb:143:in 'ActionDispatch::HostAuthorization#call'
railties (8.0.2) lib/rails/engine.rb:535:in 'Rails::Engine#call'
puma (6.6.1) lib/puma/configuration.rb:279:in 'Puma::Configuration::ConfigMiddleware#call'
puma (6.6.1) lib/puma/request.rb:99:in 'block in Puma::Request#handle_request'
puma (6.6.1) lib/puma/thread_pool.rb:390:in 'Puma::ThreadPool#with_force_shutdown'
puma (6.6.1) lib/puma/request.rb:98:in 'Puma::Request#handle_request'
puma (6.6.1) lib/puma/server.rb:472:in 'Puma::Server#process_client'
puma (6.6.1) lib/puma/server.rb:254:in 'block in Puma::Server#run'
puma (6.6.1) lib/puma/thread_pool.rb:167:in 'block in Puma::ThreadPool#spawn_thread'
Started GET "/sightings" for 127.0.0.1 at 2025-08-11 23:08:00 -0500
Processing by SightingsController#index as */*
  [1m[36mUser Load (0.7ms)[0m  [1m[34mSELECT "users".* FROM "users" WHERE "users"."id" = '095016ef-acb4-4753-b70f-6a970ed3aa1e' LIMIT 1 /*action='index',application='EcoexploreApi',controller='sightings'*/[0m
  ↳ app/services/AuthService.rb:33:in 'AuthService.current_user'
  [1m[36mSighting Load (1.0ms)[0m  [1m[34mSELECT "sightings".* FROM "sightings" /*action='index',application='EcoexploreApi',controller='sightings'*/[0m
  ↳ app/controllers/sightings_controller.rb:7:in 'Enumerable#map'
  [1m[36mSightingState Load (1.2ms)[0m  [1m[34mSELECT "sighting_states".* FROM "sighting_states" WHERE "sighting_states"."id" IN (1, 2) /*action='index',application='EcoexploreApi',controller='sightings'*/[0m
  ↳ app/controllers/sightings_controller.rb:7:in 'Enumerable#map'
  [1m[36mLocation Load (0.9ms)[0m  [1m[34mSELECT "locations".* FROM "locations" WHERE "locations"."id" IN (1, 2) /*action='index',application='EcoexploreApi',controller='sightings'*/[0m
  ↳ app/controllers/sightings_controller.rb:7:in 'Enumerable#map'
  [1m[36mEcosystem Load (0.8ms)[0m  [1m[34mSELECT "ecosystems".* FROM "ecosystems" WHERE "ecosystems"."id" = 6 /*action='index',application='EcoexploreApi',controller='sightings'*/[0m
  ↳ app/controllers/sightings_controller.rb:7:in 'Enumerable#map'
  [1m[36mUser Load (0.2ms)[0m  [1m[34mSELECT "users".* FROM "users" WHERE "users"."id" = '095016ef-acb4-4753-b70f-6a970ed3aa1e' /*action='index',application='EcoexploreApi',controller='sightings'*/[0m
  ↳ app/controllers/sightings_controller.rb:7:in 'Enumerable#map'
Completed 200 OK in 76ms (Views: 0.7ms | ActiveRecord: 29.2ms (6 queries, 0 cached) | GC: 0.1ms)


Started POST "/auth/login" for 127.0.0.1 at 2025-08-11 23:11:06 -0500
Processing by AuthController#login as */*
  Parameters: {"email" => "[FILTERED]", "password" => "[FILTERED]", "auth" => {"email" => "[FILTERED]", "password" => "[FILTERED]"}}
  [1m[36mUser Load (14.8ms)[0m  [1m[34mSELECT "users".* FROM "users" WHERE "users"."email" = 'diegoflo703@gmail.com' LIMIT 1 /*action='login',application='EcoexploreApi',controller='auth'*/[0m
  ↳ app/services/AuthService.rb:5:in 'AuthService.authenticate'
Completed 200 OK in 218ms (Views: 0.3ms | ActiveRecord: 14.8ms (1 query, 0 cached) | GC: 0.0ms)


Started PUT "/sightings/3da87414-b8be-42a9-8827-dee703f8e6d0" for 127.0.0.1 at 2025-08-11 23:11:15 -0500
Processing by SightingsController#update as */*
  Parameters: {"sighting_state_code" => "ACCEPTED", "id" => "3da87414-b8be-42a9-8827-dee703f8e6d0", "sighting" => {}}
  [1m[36mUser Load (4.7ms)[0m  [1m[34mSELECT "users".* FROM "users" WHERE "users"."id" = '095016ef-acb4-4753-b70f-6a970ed3aa1e' LIMIT 1 /*action='update',application='EcoexploreApi',controller='sightings'*/[0m
  ↳ app/services/AuthService.rb:33:in 'AuthService.current_user'
[31mUnpermitted parameters: :id, :sighting. Context: { controller: SightingsController, action: update, request: #<ActionDispatch::Request:0x0000000122bf65f8>, params: {"sighting_state_code" => "ACCEPTED", "controller" => "sightings", "action" => "update", "id" => "3da87414-b8be-42a9-8827-dee703f8e6d0", "sighting" => {}} }[0m
Completed 401 Unauthorized in 12ms (Views: 0.8ms | ActiveRecord: 4.7ms (1 query, 0 cached) | GC: 0.0ms)


Started POST "/auth/register" for 127.0.0.1 at 2025-08-11 23:14:33 -0500
Processing by AuthController#register as */*
  Parameters: {"name" => "Kevin Salazar", "email" => "[FILTERED]", "password" => "[FILTERED]", "role" => "user", "auth" => {"name" => "Kevin Salazar", "email" => "[FILTERED]", "password" => "[FILTERED]", "role" => "user"}}
[31mUnpermitted parameter: :auth. Context: { controller: AuthController, action: register, request: #<ActionDispatch::Request:0x00000001229fadd0>, params: {"name" => "Kevin Salazar", "email" => "[FILTERED]", "password" => "[FILTERED]", "role" => "user", "controller" => "auth", "action" => "register", "auth" => {"name" => "Kevin Salazar", "email" => "[FILTERED]", "password" => "[FILTERED]", "role" => "user"}} }[0m
  [1m[36mTRANSACTION (7.2ms)[0m  [1m[35mBEGIN /*action='register',application='EcoexploreApi',controller='auth'*/[0m
  ↳ app/controllers/auth_controller.rb:8:in 'AuthController#register'
  [1m[36mUser Exists? (8.9ms)[0m  [1m[34mSELECT 1 AS one FROM "users" WHERE "users"."email" = 'kevin@gmail.com' LIMIT 1 /*action='register',application='EcoexploreApi',controller='auth'*/[0m
  ↳ app/controllers/auth_controller.rb:8:in 'AuthController#register'
  [1m[36mTRANSACTION (4.5ms)[0m  [1m[31mROLLBACK /*action='register',application='EcoexploreApi',controller='auth'*/[0m
  ↳ app/controllers/auth_controller.rb:8:in 'AuthController#register'
Completed 422 Unprocessable Content in 231ms (Views: 0.3ms | ActiveRecord: 20.5ms (1 query, 0 cached) | GC: 0.0ms)


Started POST "/auth/register" for 127.0.0.1 at 2025-08-11 23:14:42 -0500
Processing by AuthController#register as */*
  Parameters: {"name" => "Kevin Salazar", "email" => "[FILTERED]", "password" => "[FILTERED]", "role" => "member", "auth" => {"name" => "Kevin Salazar", "email" => "[FILTERED]", "password" => "[FILTERED]", "role" => "member"}}
[31mUnpermitted parameter: :auth. Context: { controller: AuthController, action: register, request: #<ActionDispatch::Request:0x000000011fe349d0>, params: {"name" => "Kevin Salazar", "email" => "[FILTERED]", "password" => "[FILTERED]", "role" => "member", "controller" => "auth", "action" => "register", "auth" => {"name" => "Kevin Salazar", "email" => "[FILTERED]", "password" => "[FILTERED]", "role" => "member"}} }[0m
  [1m[36mTRANSACTION (0.2ms)[0m  [1m[35mBEGIN /*action='register',application='EcoexploreApi',controller='auth'*/[0m
  ↳ app/controllers/auth_controller.rb:8:in 'AuthController#register'
  [1m[36mUser Exists? (1.2ms)[0m  [1m[34mSELECT 1 AS one FROM "users" WHERE "users"."email" = 'kevin@gmail.com' LIMIT 1 /*action='register',application='EcoexploreApi',controller='auth'*/[0m
  ↳ app/controllers/auth_controller.rb:8:in 'AuthController#register'
  [1m[36mUser Create (4.1ms)[0m  [1m[32mINSERT INTO "users" ("email", "created_at", "updated_at", "points", "role", "password_digest", "name", "active") VALUES ('kevin@gmail.com', '2025-08-12 04:14:42.452264', '2025-08-12 04:14:42.452264', NULL, 'member', '$2a$12$cvXbjvY4xMJVbe9tYRnoNONyFIbaCurR7c68k2bDHIVomyTO53fX.', 'Kevin Salazar', TRUE) RETURNING "id" /*action='register',application='EcoexploreApi',controller='auth'*/[0m
  ↳ app/controllers/auth_controller.rb:8:in 'AuthController#register'
  [1m[36mTRANSACTION (1.5ms)[0m  [1m[35mCOMMIT /*action='register',application='EcoexploreApi',controller='auth'*/[0m
  ↳ app/controllers/auth_controller.rb:8:in 'AuthController#register'
  [1m[36mUser Load (0.4ms)[0m  [1m[34mSELECT "users".* FROM "users" WHERE "users"."email" = 'kevin@gmail.com' LIMIT 1 /*action='register',application='EcoexploreApi',controller='auth'*/[0m
  ↳ app/services/AuthService.rb:5:in 'AuthService.authenticate'
Completed 201 Created in 421ms (Views: 0.8ms | ActiveRecord: 7.5ms (3 queries, 0 cached) | GC: 0.0ms)


[dotenv] Set [36mDATABASE_PASSWORD[0m, [36mDATABASE_USERNAME[0m, and [36mDATABASE_PORT[0m
[dotenv] Loaded [33m.env[0m
[dotenv] Set [36mDATABASE_PASSWORD[0m, [36mDATABASE_USERNAME[0m, and [36mDATABASE_PORT[0m
[dotenv] Loaded [33m.env[0m
[dotenv] Set [36mDATABASE_PASSWORD[0m, [36mDATABASE_USERNAME[0m, and [36mDATABASE_PORT[0m
[dotenv] Loaded [33m.env[0m
